Branch indexing
 > git rev-parse --resolve-git-dir /var/lib/jenkins/caches/git-fe18bbbf994a29574ac16618aa70c000/.git # timeout=10
Setting origin to https://github.com/SRUSHTI-AGARWAL/Boardgame.git
 > git config remote.origin.url https://github.com/SRUSHTI-AGARWAL/Boardgame.git # timeout=10
Fetching origin...
Fetching upstream changes from origin
 > git --version # timeout=10
 > git --version # 'git version 2.43.0'
 > git config --get remote.origin.url # timeout=10
using GIT_ASKPASS to set credentials github-cred
 > git fetch --tags --force --progress -- origin +refs/heads/*:refs/remotes/origin/* # timeout=10
Seen branch in repository origin/Aditya
Seen branch in repository origin/develop
Seen branch in repository origin/feature
Seen branch in repository origin/feature_add_button
Seen branch in repository origin/main
Seen branch in repository origin/nojenkinsfile
Seen 6 remote branches
Obtained Jenkinsfile from 873c26826e1e59ecf2b409e443d2056fd3ee5628
[8mha:////4NZ4NKMxErSdMkNUbYJI3vUJguS2pHF4CEIx8mtjSvBWAAAAoh+LCAAAAAAAAP9tjTEOwjAQBM8BClpKHuFItIiK1krDC0x8GCfWnbEdkooX8TX+gCESFVvtrLSa5wtWKcKBo5UdUu8otU4GP9jS5Mixv3geZcdn2TIl9igbHBs2eJyx4YwwR1SwULBGaj0nRzbDRnX6rmuvydanHMu2V1A5c4MHCFXMWcf8hSnC9jqYxPTz/BXAFEIGsfuclm8zQVqFvQAAAA==[0m[Pipeline] Start of Pipeline
[8mha:////4BSpg4TRn7xp3c7U1Ilszi4N9LtQDBJQlKdUgZ2g+BkQAAAApR+LCAAAAAAAAP9tjTEOwjAUQ3+KOrAycohUghExsUZZOEFIQkgb/d8mKe3EibgadyBQiQlLlmxL1nu+oE4RjhQdby12HpP2vA+jK4lPFLtroIm3dOGaMFGwXNpJkrGnpUrKFhaxClYC1hZ1oOTRZdiIVt1VExS65pxj2Q4CKm8GeAAThZxVzN8yR9jeRpMIf5y/AJj7DGxXvP/86jduZBmjwAAAAA==[0m[Pipeline] node
Still waiting to schedule task
Waiting for next available executor
Running on [8mha:////4LUtFaJtX/nAdmzo4va5HM0Ms0u3pihwSpHQU1xKnmy0AAAAoR+LCAAAAAAAAP9b85aBtbiIQTGjNKU4P08vOT+vOD8nVc83PyU1x6OyILUoJzMv2y+/JJUBAhiZGBgqihhk0NSjKDWzXb3RdlLBUSYGJk8GtpzUvPSSDB8G5tKinBIGIZ+sxLJE/ZzEvHT94JKizLx0a6BxUmjGOUNodHsLgAz2EgZR/eT83ILSktQifY2k0sycEt3MPE19AHHxbH3KAAAA[0mJenkins in /var/lib/jenkins/workspace/test-bin_develop
[8mha:////4E4assbewjc2wBKIbJM7k8U1Xi4YFhJN2cqPnODdvdRZAAAApR+LCAAAAAAAAP9tjTEOwjAUQ3+KOrAycoh0gA0xsUZZOEFIQkgb/d8mKe3EibgadyBQiQlLlmxL1nu+oE4RjhQdby12HpP2vA+jK4lPFLtroIm3dOGaMFGwXNpJkrGnpUrKFhaxClYC1hZ1oOTRZdiIVt1VExS65pxj2Q4CKm8GeAAThZxVzN8yR9jeRpMIf5y/AJj7DGxXvP/86jfoP95RwAAAAA==[0m[Pipeline] {
[8mha:////4CxKK+EgBMTlgOvw0ToM9nwgLnx+Tel0iStHHEyCCAuXAAAApR+LCAAAAAAAAP9tjTEOwjAUQ3+KOrAycoh0gQkxsUZZOEFIQkgb/d8mKe3EibgadyBQiQlLlmxL1nu+oE4RjhQdby12HpP2vA+jK4lPFLtroIm3dOGaMFGwXNpJkrGnpUrKFhaxClYC1hZ1oOTRZdiIVt1VExS65pxj2Q4CKm8GeAAThZxVzN8yR9jeRpMIf5y/AJj7DGxXvP/86jc09154wAAAAA==[0m[Pipeline] stage
[8mha:////4AdgyAgvhEz4tHhldNnb/zE+vIJ1eIPIrvMtIXCPeiLKAAAApR+LCAAAAAAAAP9tjTEOwjAUQ3+KOrAycoh0ggUxsUZZOEFIQkgb/d8mKe3EibgadyBQiQlLlmxL1nu+oE4RjhQdby12HpP2vA+jK4lPFLtroIm3dOGaMFGwXNpJkrGnpUrKFhaxClYC1hZ1oOTRZdiIVt1VExS65pxj2Q4CKm8GeAAThZxVzN8yR9jeRpMIf5y/AJj7DGxXvP/86jek7ggRwAAAAA==[0m[Pipeline] { (Declarative: Checkout SCM)
[8mha:////4Er12XWDwpIegK4yMDna8rxALgjsiXzH+BaSNw99mpsdAAAAoh+LCAAAAAAAAP9tjTEOAiEURD9rLGwtPQTbaWGsbAmNJ0AWEZb8zwLrbuWJvJp3kLiJlZNMMm+a93rDOic4UbLcG+wdZu14DKOti0+U+lugiXu6ck2YKRguzSSpM+cFJRUDS1gDKwEbgzpQdmgLbIVXD9UGhba9lFS/o4DGdQM8gYlqLiqVL8wJdvexy4Q/z18BzLEA29ce4gfg7KmOvAAAAA==[0m[Pipeline] checkout
Selected Git installation does not exist. Using Default
The recommended git tool is: NONE
using credential github-cred
Cloning the remote Git repository
Cloning with configured refspecs honoured and without tags
Cloning repository https://github.com/SRUSHTI-AGARWAL/Boardgame.git
 > git init /var/lib/jenkins/workspace/test-bin_develop # timeout=10
Fetching upstream changes from https://github.com/SRUSHTI-AGARWAL/Boardgame.git
 > git --version # timeout=10
 > git --version # 'git version 2.43.0'
using GIT_ASKPASS to set credentials github-cred
 > git fetch --no-tags --force --progress -- https://github.com/SRUSHTI-AGARWAL/Boardgame.git +refs/heads/*:refs/remotes/origin/* # timeout=10
 > git config remote.origin.url https://github.com/SRUSHTI-AGARWAL/Boardgame.git # timeout=10
 > git config --add remote.origin.fetch +refs/heads/*:refs/remotes/origin/* # timeout=10
Avoid second fetch
Checking out Revision 873c26826e1e59ecf2b409e443d2056fd3ee5628 (develop)
 > git config core.sparsecheckout # timeout=10
 > git checkout -f 873c26826e1e59ecf2b409e443d2056fd3ee5628 # timeout=10
Commit message: "Update test.txt"
First time build. Skipping changelog.
[8mha:////4HkLRWzl9dlsom3kyLQbK4QicXxRs4cZzBQ2MsS3SO2AAAAAoh+LCAAAAAAAAP9tjTEOAiEURD9rLGwtPQTbGRNjZUtoPAGyiLDkfxZYdytP5NW8g8RNrJxkknnTvNcb1jnBiZLl3mDvMGvHYxhtXXyi1N8CTdzTlWvCTMFwaSZJnTkvKKkYWMIaWAnYGNSBskNbYCu8eqg2KLTtpaT6HQU0rhvgCUxUc1GpfGFOsLuPXSb8ef4KYI6xADvU7j9Dg2gqvAAAAA==[0m[Pipeline] }
[8mha:////4Gwz6mLEJsC1qVlRzAl1eohHNkF8i4pqv9X3OT/4qWKmAAAAoh+LCAAAAAAAAP9tjTEOAiEURD9rLGwtPQRbWRhjZUtoPAGyiLDkfxZYdytP5NW8g8RNrJxkknnTvNcb1jnBiZLl3mDvMGvHYxhtXXyi1N8CTdzTlWvCTMFwaSZJnTkvKKkYWMIaWAnYGNSBskNbYCu8eqg2KLTtpaT6HQU0rhvgCUxUc1GpfGFOsLuPXSb8ef4KYI6xADvU7j9J+wGOvAAAAA==[0m[Pipeline] // stage
[8mha:////4KheM8Rv8lCYaKUzGIh7frKJnPWnbrFy1+6fiUJuwKhAAAAAph+LCAAAAAAAAP9tjTEOwjAQBM9BKWgpeYQDEh2iorXc8AITG+PEugv2haTiRXyNPxCIRMVWOyut5vmCMic4UPKycdgGzHWQXez91ORAqb1EGmRDZ1kTZopOajdosu44oyZ2MEcUsFCwdFhHygE9w0o15m6qaNBXJ07TtldQBHuDBwg1mdkk/sKYYH3tbSb8ef4KYOwYxI6h2G4+x/INtuQqUcEAAAA=[0m[Pipeline] withEnv
[8mha:////4IuUENoCM2PPPsp84GJPXdqGhW3TrC/iDfcI30OPGIlCAAAApR+LCAAAAAAAAP9tjTEOwjAUQ3+DOrAycoiUzoiJNerCCUITQtLo/zZJSSdOxNW4Ay2VmPBg2Zas93pDGQOcKBjuNHYWY2t570czJ54pdDdPmTu68pYwkte80bkhpc9rbShpWFUw2AjYamw9RYsmwU44+ZCVl2iqSwrzdhTArBrgCYWYyUmG9C1TgP19VJHwx/kLgKlPwOrDYvXyLD8BobDcwgAAAA==[0m[Pipeline] {
[8mha:////4DTW6+Am4bfoW4gYz7mPRgm8+DBArT2u+l+TYnXmNzUiAAAAph+LCAAAAAAAAP9tjTEOwjAUQ3+LOrAycohUZUVMrFEWThCaEJJG/7dJSjpxIq7GHWipxIQHy7ZkvdcbqhjgRMEwp7GzGFvLej+aObFMobt5yszRlbWEkbxmQmdBSp/XKihpWFWUsOGw1dh6ihZNgh138iFrL9HUlxTm7cihtGqAJxR8JicZ0rdMAfb3UUXCH+cvAKY+Qdk0ix2WZ/UBbwyqm8IAAAA=[0m[Pipeline] stage
[8mha:////4MWC4E6NofJ4QywtZSmrbWzdxpMMQ/ajMH7ZRtDIyItPAAAAph+LCAAAAAAAAP9tjTEOwjAUQ3+LOrAycohUwIiYukZZOEFoQkgb/V9+UtqJE3E17kBLJSY8WLYl673eUESGE7ETjcXWY6y96ELvpiQG4vYaaBANXURNGClYoeygyNhqqYqShUVZDisJa4t1oOjRJdjIRj90GTS68px42o4Scm/u8IRMTuSkOX3LyLC99SYS/jh/ATB2CfLdfrbD/Cw+y7kUycIAAAA=[0m[Pipeline] { (Declarative: Tool Install)
[8mha:////4FfFJKrIRothmtt31qgWNtVqKTxJKZmJHCEwXvr3UYlQAAAApB+LCAAAAAAAAP9tjTEOwjAQBC9BFLSUPOIiBB2iSmu54QUmNsaJdWdsh6TiRXyNPxCIRMUWq51t5vmCZYpw5GixNdQ5So3D4Hs7LRw4dhfPA7Z8xoYpsTcozSBZm3pGydnAnKKEhYCVocZzcmQzrEWr7qryimx1ynH6DgJKp2/wgEJM5qxi/sIYYXPtdWL6ef4KYAwZyu3uU/vwBgq0rvS+AAAA[0m[Pipeline] tool
[8mha:////4CHKQA8SKsv7QSf7MXrzq3p2gQjzf6MdCGyvScpXBikaAAAApB+LCAAAAAAAAP9tjTEOwjAQBC9BFLSUPOIihKgQVVrLDS8wsTFOrDtjOyQVL+Jr/IFAJCq2WO1sM88XLFOEI0eLraHOUWocBt/baeHAsbt4HrDlMzZMib1BaQbJ2tQzSs4G5hQlLASsDDWekyObYS1adVeVV2SrU47TdxBQOn2DBxRiMmcV8xfGCJtrrxPTz/NXAGPIUG53n9qHN0uFte2+AAAA[0m[Pipeline] envVarsForTool
[8mha:////4KJVnxZsmTZEnmwtppzGRDC8bEnbLm+HO1B/5Re3ekS+AAAApR+LCAAAAAAAAP9tjTEOwjAQBC9BFLSUPOIihESDqNJabniBiY1xYt0Z2yGpeBFf4w8EIlGxxWpnm3m+YJkiHDlabA11jlLjMPjeTgsHjt3F84Atn7FhSuwNSjNI1qaeUXI2MKcoYSFgZajxnBzZDGvRqruqvCJbnXKcvoOA0ukbPKAQkzmrmL8wRthce52Yfp6/AhhDhnK7+9Q+vAGI1pjGvgAAAA==[0m[Pipeline] tool
[8mha:////4ATsTtWnEehTh/E/0PtFAS5f7x89KrV9WtSafkE26Y7QAAAApR+LCAAAAAAAAP9tjTEOwjAQBC9BFLSUPOIiREGBqNJabniBiY1xYt0Z2yGpeBFf4w8EIlGxxWpnm3m+YJkiHDlabA11jlLjMPjeTgsHjt3F84Atn7FhSuwNSjNI1qaeUXI2MKcoYSFgZajxnBzZDGvRqruqvCJbnXKcvoOA0ukbPKAQkzmrmL8wRthce52Yfp6/AhhDhnK7+9Q+vAHJ54PfvgAAAA==[0m[Pipeline] envVarsForTool
[8mha:////4LLLLDfpsKjJZVWik8noqaGkhWMf4QyH92EXSxmKyHDVAAAApR+LCAAAAAAAAP9tjTEOwjAQBC9BFLSUPOIiRIOEqNJabniBiY1xYt0Z2yGpeBFf4w8EIlGxxWpnm3m+YJkiHDlabA11jlLjMPjeTgsHjt3F84Atn7FhSuwNSjNI1qaeUXI2MKcoYSFgZajxnBzZDGvRqruqvCJbnXKcvoOA0ukbPKAQkzmrmL8wRthce52Yfp6/AhhDyFBu95/avQFudLBjvgAAAA==[0m[Pipeline] }
[8mha:////4LSG5ZPWyuap3fuyjCUUva8/bvGlj1wYuBvN0EFHGfp5AAAApB+LCAAAAAAAAP9tjTEOwjAQBC9BFLSUPOIi6BCiSmu54QUmNsaJdWdsh6TiRXyNPxCIRMUWq51t5vmCZYpw5GixNdQ5So3D4Hs7LRw4dhfPA7Z8xoYpsTcozSBZm3pGydnAnKKEhYCVocZzcmQzrEWr7qryimx1ynH6DgJKp2/wgEJM5qxi/sIYYXPtdWL6ef4KYAwhQ7ndf2r3Bl2X69++AAAA[0m[Pipeline] // stage
[8mha:////4MQczvQXLqzD9fyR3J5of45Ee8pXCnaW2U+zIs2H/L1rAAAAph+LCAAAAAAAAP9tjTEOwjAUQ3+LOrAycoiUsiKmrlEWThCSENJG/5ckpZ04EVfjDgQqMeHBsi1Z7/mCKgY4UrCsM9g7jMqxwY82JzZR6C+eJtbRmSnCSN4wYSZB2rRLFZQMLCpKWHFYG1SeokObYMM7eZe1l2jrUwp5O3Aonb7BAwqeyUmG9C1zgO111JHwx/kLgHlIUDZNtv3u86ze+beK58IAAAA=[0m[Pipeline] withEnv
[8mha:////4FKGjr98aK0l+Jux/3wDuktQFsldxufbDl10NUJNp2R5AAAAph+LCAAAAAAAAP9tjTEOwjAUQ3+LOrAycogUWBFT1ygLJwhNCGmj/8tPSjtxIq7GHWipxIQHy7ZkvdcbishwInaisdh6jLUXXejdlMRA3F4DDaKhi6gJIwUrlB0UGVstVVGysCjLYSVhbbEOFD26BBvZ6Icug0ZXnhNP21FC7s0dnpDJiZw0p28ZGba33kTCH+cvAMYuQX7Yzbafn8UHbGnGmsIAAAA=[0m[Pipeline] {
[8mha:////4PwK47DnISoN16bLhiJJy9/q0lzsWCmgXarHXM/hwOspAAAAph+LCAAAAAAAAP9tjTEOwjAUQ3+DOrAycohUdEVMrFEXThCaEJJG/7dJSjpxIq7GHWipxIQHy7ZkvdcbyhjgRMFwp7GzGFvLez+aOfFMobt5ytzRlbeEkbzmjc4NKX1ea0NJw6qCwUbAVmPrKVo0CXbCyYesvERTXVKYt6MAZtUATyjETE4ypG+ZAuzvo4qEP85fAEx9AlYfFquXZ/kBAsTc3cIAAAA=[0m[Pipeline] stage
[8mha:////4DMX2wxKz7v97zDFGXFCtxHq9Wi5OyDLXfOmKZwJOhdtAAAAph+LCAAAAAAAAP9tjTEOwjAUQ3+LOrAycohUKiNiYo2ycILQhJA0+r9NUtKJE3E17kBLJSY8WLYl673eUMUAJwqGOY2dxdha1vvRzIllCt3NU2aOrqwljOQ1EzoLUvq8VkFJw6qihA2HrcbWU7RoEuy4kw9Ze4mmvqQwb0cOpVUDPKHgMznJkL5lCrC/jyoS/jh/ATD1CcqmWeywPKsPpnFij8IAAAA=[0m[Pipeline] { (Compile)
[8mha:////4PJMt/qp9k+zfRGJr+3i719/7WQyI/DehI3FimJK69A4AAAApB+LCAAAAAAAAP9tjTEOwjAQBC9BFLSUPOIiAR2iSmu54QUmNsaJdWdsh6TiRXyNPxCIRMUWq51t5vmCZYpw5GixNdQ5So3D4Hs7LRw4dhfPA7Z8xoYpsTcozSBZm3pGydnAnKKEhYCVocZzcmQzrEWr7qryimx1ynH6DgJKp2/wgEJM5qxi/sIYYXPtdWL6ef4KYAwZyu3uU/vwBrANZ3i+AAAA[0m[Pipeline] tool
[8mha:////4EKSnKbo5pNtlABoJnBXtXnQfQPd7iDMhVNHawSkkxEoAAAApB+LCAAAAAAAAP9tjTEOwjAQBC9BFLSUPOIigagQVVrLDS8wsTFOrDtjOyQVL+Jr/IFAJCq2WO1sM88XLFOEI0eLraHOUWocBt/baeHAsbt4HrDlMzZMib1BaQbJ2tQzSs4G5hQlLASsDDWekyObYS1adVeVV2SrU47TdxBQOn2DBxRiMmcV8xfGCJtrrxPTz/NXAGPIUG53n9qHN/E8fGG+AAAA[0m[Pipeline] envVarsForTool
[8mha:////4AyOsSNoZVOsZP7SK6oixboYEIQaIZ0rQxxxpeIYhDA/AAAApR+LCAAAAAAAAP9tjTEOwjAQBC9BFLSUPOIigUSDqNJabniBiY1xYt0Z2yGpeBFf4w8EIlGxxWpnm3m+YJkiHDlabA11jlLjMPjeTgsHjt3F84Atn7FhSuwNSjNI1qaeUXI2MKcoYSFgZajxnBzZDGvRqruqvCJbnXKcvoOA0ukbPKAQkzmrmL8wRthce52Yfp6/AhhDhnK7+9Q+vAEyb1FKvgAAAA==[0m[Pipeline] tool
[8mha:////4I1HzyYbCoz7UZDQbdFqmS/X9cRsasmx85iorRoSCsldAAAApR+LCAAAAAAAAP9tjTEOwjAQBC9BFLSUPOIiQUGBqNJabniBiY1xYt0Z2yGpeBFf4w8EIlGxxWpnm3m+YJkiHDlabA11jlLjMPjeTgsHjt3F84Atn7FhSuwNSjNI1qaeUXI2MKcoYSFgZajxnBzZDGvRqruqvCJbnXKcvoOA0ukbPKAQkzmrmL8wRthce52Yfp6/AhhDhnK7+9Q+vAFzXkpTvgAAAA==[0m[Pipeline] envVarsForTool
[8mha:////4ObAQqEI/QT05BN8jyplnVaROrrjbaWxvNjvTMKQSS0NAAAAqB+LCAAAAAAAAP9tjTEOwjAUQ3+LOrAycohUggUJMXWNsnCC0ISQNvq//KS0EyfiatyBlkpMeLBsS9Z7vaGIDCdiJxqLrcdYe9GF3k1JDMTtNdAgGrqImjBSsELZQZGx1VIVJQuLshxWEtYW60DRo0uwkY1+6DJodOU58bQdJeTe3OEJmZzISXP6lpFhe+tNJPxx/gJg7BLku/1sh/lZfAClXiskwgAAAA==[0m[Pipeline] withEnv
[8mha:////4Hq02HbOBxP6tsU3G+8aBuFEgKNCvVrIZIZ1itmUHTmlAAAApx+LCAAAAAAAAP9tjTEOwjAUQ3+LOrAycohUYgIhpq5RFk4QmhDSRv+Xn5R24kRcjTvQUokJD5ZtyXqvNxSR4UTsRGOx9RhrL7rQuymJgbi9BhpEQxdRE0YKVig7KDK2WqqiZGFRlsNKwtpiHSh6dAk2stEPXQaNrjwnnrajhNybOzwhkxM5aU7fMjJsb72JhD/OXwCMXYJ8t5/tMD+LD0QKVszCAAAA[0m[Pipeline] {
[8mha:////4DmpHbT3uQtNq/8G7hYjv1WIocQ9XmliK9AO6jbzFGZXAAAApR+LCAAAAAAAAP9tjTEOwjAQBC9BFLSUPOKCoEIoFa3lhheYxBgn1l2wHZyKF/E1/oBFJCq2WO1sM683LIOHmr3BTlNvKTQWBzeavDCx76+OE3Z8wYYpsNModZLc6tOMkqOGOUUJCwErTY3jYMlEWItOPVTlFJnqHH3+jgJK297hCYXI5qh8/MLkYXMb28D08/wVwDREKHeHXPvt8AHN/bm5vgAAAA==[0m[Pipeline] sh
+ mvn compile
[INFO] Scanning for projects...
[INFO] 
[INFO] --------------< com.javaproject:database_service_project >--------------
[INFO] Building database_service_project 0.0.2
[INFO]   from pom.xml
[INFO] --------------------------------[ jar ]---------------------------------
[WARNING] 1 problem was encountered while building the effective model for org.javassist:javassist:jar:3.20.0-GA during dependency collection step for project (use -X to see details)
[INFO] 
[INFO] --- jacoco:0.8.7:prepare-agent (jacoco-initialize) @ database_service_project ---
[INFO] argLine set to -javaagent:/var/lib/jenkins/.m2/repository/org/jacoco/org.jacoco.agent/0.8.7/org.jacoco.agent-0.8.7-runtime.jar=destfile=/var/lib/jenkins/workspace/test-bin_develop/target/jacoco.exec
[INFO] 
[INFO] --- resources:3.2.0:resources (default-resources) @ database_service_project ---
[INFO] Using 'UTF-8' encoding to copy filtered resources.
[INFO] Using 'UTF-8' encoding to copy filtered properties files.
[INFO] Copying 1 resource
[INFO] Copying 19 resources
[INFO] 
[INFO] --- compiler:3.8.1:compile (default-compile) @ database_service_project ---
[INFO] Changes detected - recompiling the module!
[INFO] Compiling 9 source files to /var/lib/jenkins/workspace/test-bin_develop/target/classes
[INFO] /var/lib/jenkins/workspace/test-bin_develop/src/main/java/com/javaproject/database/DatabaseAccess.java: /var/lib/jenkins/workspace/test-bin_develop/src/main/java/com/javaproject/database/DatabaseAccess.java uses unchecked or unsafe operations.
[INFO] /var/lib/jenkins/workspace/test-bin_develop/src/main/java/com/javaproject/database/DatabaseAccess.java: Recompile with -Xlint:unchecked for details.
[INFO] ------------------------------------------------------------------------
[INFO] BUILD SUCCESS
[INFO] ------------------------------------------------------------------------
[INFO] Total time:  3.640 s
[INFO] Finished at: 2024-12-15T08:30:54Z
[INFO] ------------------------------------------------------------------------
[8mha:////4Fbr2uEIoaiIngMw4CUdfw/wH2EoZYJNJ8t/8RU/XhPrAAAApR+LCAAAAAAAAP9tjTEOwjAQBC9BFLSUPOIioEIoFa3lhheYxBgn1l2wHZyKF/E1/oBFJCq2WO1sM683LIOHmr3BTlNvKTQWBzeavDCx76+OE3Z8wYYpsNModZLc6tOMkqOGOUUJCwErTY3jYMlEWItOPVTlFJnqHH3+jgJK297hCYXI5qh8/MLkYXMb28D08/wVwDQMEcr9Ntfu8AFSjtgYvgAAAA==[0m[Pipeline] }
[8mha:////4E1nTtxrnt5dJSYCICQ2kxBsnlaIc2zAHf8cUN0/sMZaAAAApR+LCAAAAAAAAP9tjTEOwjAQBC9BFLSUPOIihQYJUaW10vACExvjxLoztkNS8SK+xh+wiETFFqudbeb1hnUMcOJgsNc0WIqdRe9GkxdOHIar4wl7vmDHFNlpbPXUstLNgi0nDUuKElYCNpo6x9GSSbAVvXzIykky1TmF/B0FlFbd4QmFyOYkQ/rCHGB3G1Vk+nn+CmD2PkG5r3PVhw9qzEvpvgAAAA==[0m[Pipeline] // withEnv
[8mha:////4Fe3BmwEwj9UjQIrMFbapHIAGvcK6zTlipID1/ehQItlAAAApB+LCAAAAAAAAP9tjTEOwjAQBC9BFLSUPMKRSImoaC03vMAkh3Fi3Rnbwal4EV/jD1hEomKL1c4283rDOgY4cjBiQBotxc4K7yZTlsgcxqvjLAa+iI4pskOhMCvu8bSg4oSwpKphJWGD1DmOlkyCrRz0QzdOk2nOKZTvIKG2/R2eUMliTjqkL8wBdrepj0w/z18BzN4nqNu21L79AEfGxbW+AAAA[0m[Pipeline] }
[8mha:////4FP624bxztIEtndw3uqAa3AuXuPc3IX140Hqw6uiaOPBAAAApB+LCAAAAAAAAP9tjTEOwjAQBC9BFLSUPOIiBTpEldZKwwtMbIwT687YDknFi/gaf8AiEhVbrHa2mdcb1jHAiYPBXtNgKXYWvRtNXjhxGK6OJ+z5gh1TZKex1VPLSjcLtpw0LClKWAnYaOocR0smwVb08iErJ8lU5xTydxRQWnWHJxQim5MM6QtzgN1tVJHp5/krgNn7BOX+kKuuP2nGx9++AAAA[0m[Pipeline] // stage
[8mha:////4Mo/ON4+ntvWxkabiqSv8B2rfRwNYlylYrQNU2XAMC/PAAAAqB+LCAAAAAAAAP9tjTEOwjAUQ3+LOrAycohUgJhQJ9aoCycITQhJo/9LkpJOnIircQcClZjwYNmWrPd8QRU8NOQ1swp7g6EzbHCjzokl8v3FUWKWzqwjDOQUa1VqSarjXFuKCmYVJSw4LBV2joJBHWHFrbiL2gnU9Sn6vB04lEbe4AEFz+QofPyWycP6OspA+OP8BcA0RCi3m2y7/edZvQEO/65mwgAAAA==[0m[Pipeline] stage
[8mha:////4NuVo//mHBpV4pNrXemmZCW+7e9xaRYJRzyjTd0DVwCZAAAApx+LCAAAAAAAAP9tjTEOwjAUQ3+LOrAycoh0QLAgpq5RFk4QmhDSRv+Xn5R24kRcjTvQUokJD5ZtyXqvNxSR4UTsRGOx9RhrL7rQuymJgbi9BhpEQxdRE0YKVig7KDK2WqqiZGFRlsNKwtpiHSh6dAk2stEPXQaNrjwnnrajhNybOzwhkxM5aU7fMjJsb72JhD/OXwCMXYJ8t5/tMD+LD02yRsvCAAAA[0m[Pipeline] { (Test)
[8mha:////4F8+z4tyi/h3b8kfHAmXjfpz0Our3jd2Ro/nVH2VOKZmAAAApR+LCAAAAAAAAP9tjTEOwjAQBC9BFLSUPOJSIEGBqNJabniBiY1xYt0Z2yGpeBFf4w8EIlGxxWpnm3m+YJkiHDlabA11jlLjMPjeTgsHjt3F84Atn7FhSuwNSjNI1qaeUXI2MKcoYSFgZajxnBzZDGvRqruqvCJbnXKcvoOA0ukbPKAQkzmrmL8wRthce52Yfp6/AhhDhnK7+9Q+vAF9GxrMvgAAAA==[0m[Pipeline] tool
[8mha:////4CCcuOYYolGIY1TOsf4xkvsPqKpvtAPO0RYjXe/OhVwbAAAApR+LCAAAAAAAAP9tjTEOwjAQBC9BFLSUPOJSICEkRJXWcsMLTGyME+vO2A5JxYv4Gn8gEImKLVY728zzBcsU4cjRYmuoc5Qah8H3dlo4cOwungds+YwNU2JvUJpBsjb1jJKzgTlFCQsBK0ON5+TIZliLVt1V5RXZ6pTj9B0ElE7f4AGFmMxZxfyFMcLm2uvE9PP8FcAYMpTb3af24Q2yB4JLvgAAAA==[0m[Pipeline] envVarsForTool
[8mha:////4GE57GR/GBJk6ieHomr6h2+UX4IHNWiVlJqJ+EqvVeIxAAAApR+LCAAAAAAAAP9tjTEOwjAQBC9BFLSUPOJSICEhRJXWcsMLTGyME+vO2A5JxYv4Gn8gEImKLVY728zzBcsU4cjRYmuoc5Qah8H3dlo4cOwungds+YwNU2JvUJpBsjb1jJKzgTlFCQsBK0ON5+TIZliLVt1V5RXZ6pTj9B0ElE7f4AGFmMxZxfyFMcLm2uvE9PP8FcAYMpTb3af24Q3zNplSvgAAAA==[0m[Pipeline] tool
[8mha:////4LBUCzSanIaK4rDpz7IOx+EdXC24laU28fm7Q1cLA/AvAAAApR+LCAAAAAAAAP9tjTEOwjAQBC9BFLSUPOKCBKJBqWgtN7zAJMY4se6C7eBUvIiv8QcsIlGxxWpnm3m9YRk81OwNdpp6S6GxOLjR5IWJfX91nLDjCzZMgZ1GqZPkVp9mlBw1zClKWAhYaWocB0smwlp06qEqp8hU5+jzdxRQ2vYOTyhENkfl4xcmD5vb2Aamn+evAKYhQrk75Npvhw8/mxSGvgAAAA==[0m[Pipeline] envVarsForTool
[8mha:////4MO3wkOcpaJkr8O/gaDsG6a7QrJ2Nb3IumBH0ngvn0tXAAAAqB+LCAAAAAAAAP9tjTEOwjAUQ3+LOrAycohUCMSCOrFGXThBaEJIGv1fkpR04kRcjTsQqMSEB8u2ZL3nC6rgoSGvmVXYGwydYYMbdU4ske8vjhKzdGYdYSCnWKtSS1Id59pSVDCrKGHBYamwcxQM6ggrbsVd1E6grk/R5+3AoTTyBg8oeCZH4eO3TB7W11EGwh/nLwCmIUK53WfbbT7P6g162gaKwgAAAA==[0m[Pipeline] withEnv
[8mha:////4MSy1A4Ji080AfDzam7eeLRXLA/HCNmqwDdmRcSo+/XnAAAApx+LCAAAAAAAAP9tjTEOwjAUQ3+LOrAycohUIDbE1DXKwglCE0La6P/yk9JOnIircQdaKjHhwbItWe/1hiIynIidaCy2HmPtRRd6NyUxELfXQINo6CJqwkjBCmUHRcZWS1WULCzKclhJWFusA0WPLsFGNvqhy6DRlefE03aUkHtzhydkciInzelbRobtrTeR8Mf5C4CxS5AfdrPt52fxAdhUMVHCAAAA[0m[Pipeline] {
[8mha:////4B+8L53o2RnkU31CM/BXVeu1vOkV9NBtOxXqJN4XyHTcAAAApB+LCAAAAAAAAP9tjTEOwjAQBC9BFLSUPOIiAR2iSmu54QUmNsaJdWdsh6TiRXyNPxCIRMUWq51t5vmCZYpw5GixNdQ5So3D4Hs7LRw4dhfPA7Z8xoYpsTcozSBZm3pGydnAnKKEhYCVocZzcmQzrEWr7qryimx1ynH6DgJKp2/wgEJM5qxi/sIYYXPtdWL6ef4KYAwZyv32U7vwBvbls1O+AAAA[0m[Pipeline] sh
+ mvn test
[INFO] Scanning for projects...
[INFO] 
[INFO] --------------< com.javaproject:database_service_project >--------------
[INFO] Building database_service_project 0.0.2
[INFO]   from pom.xml
[INFO] --------------------------------[ jar ]---------------------------------
[WARNING] 1 problem was encountered while building the effective model for org.javassist:javassist:jar:3.20.0-GA during dependency collection step for project (use -X to see details)
[INFO] 
[INFO] --- jacoco:0.8.7:prepare-agent (jacoco-initialize) @ database_service_project ---
[INFO] argLine set to -javaagent:/var/lib/jenkins/.m2/repository/org/jacoco/org.jacoco.agent/0.8.7/org.jacoco.agent-0.8.7-runtime.jar=destfile=/var/lib/jenkins/workspace/test-bin_develop/target/jacoco.exec
[INFO] 
[INFO] --- resources:3.2.0:resources (default-resources) @ database_service_project ---
[INFO] Using 'UTF-8' encoding to copy filtered resources.
[INFO] Using 'UTF-8' encoding to copy filtered properties files.
[INFO] Copying 1 resource
[INFO] Copying 19 resources
[INFO] 
[INFO] --- compiler:3.8.1:compile (default-compile) @ database_service_project ---
[INFO] Nothing to compile - all classes are up to date
[INFO] 
[INFO] --- resources:3.2.0:testResources (default-testResources) @ database_service_project ---
[INFO] Using 'UTF-8' encoding to copy filtered resources.
[INFO] Using 'UTF-8' encoding to copy filtered properties files.
[INFO] skip non existing resourceDirectory /var/lib/jenkins/workspace/test-bin_develop/src/test/resources
[INFO] 
[INFO] --- compiler:3.8.1:testCompile (default-testCompile) @ database_service_project ---
[INFO] Changes detected - recompiling the module!
[INFO] Compiling 3 source files to /var/lib/jenkins/workspace/test-bin_develop/target/test-classes
[INFO] 
[INFO] --- surefire:2.22.2:test (default-test) @ database_service_project ---
[INFO] 
[INFO] -------------------------------------------------------
[INFO]  T E S T S
[INFO] -------------------------------------------------------
[INFO] Running com.javaproject.TestDatabase
08:31:05.103 [main] DEBUG org.springframework.test.context.BootstrapUtils - Instantiating CacheAwareContextLoaderDelegate from class [org.springframework.test.context.cache.DefaultCacheAwareContextLoaderDelegate]
08:31:05.157 [main] DEBUG org.springframework.test.context.BootstrapUtils - Instantiating BootstrapContext using constructor [public org.springframework.test.context.support.DefaultBootstrapContext(java.lang.Class,org.springframework.test.context.CacheAwareContextLoaderDelegate)]
08:31:05.437 [main] DEBUG org.springframework.test.context.BootstrapUtils - Instantiating TestContextBootstrapper for test class [com.javaproject.TestDatabase] from class [org.springframework.boot.test.context.SpringBootTestContextBootstrapper]
08:31:05.515 [main] INFO org.springframework.boot.test.context.SpringBootTestContextBootstrapper - Neither @ContextConfiguration nor @ContextHierarchy found for test class [com.javaproject.TestDatabase], using SpringBootContextLoader
08:31:05.532 [main] DEBUG org.springframework.test.context.support.AbstractContextLoader - Did not detect default resource location for test class [com.javaproject.TestDatabase]: class path resource [com/javaproject/TestDatabase-context.xml] does not exist
08:31:05.534 [main] DEBUG org.springframework.test.context.support.AbstractContextLoader - Did not detect default resource location for test class [com.javaproject.TestDatabase]: class path resource [com/javaproject/TestDatabaseContext.groovy] does not exist
08:31:05.535 [main] INFO org.springframework.test.context.support.AbstractContextLoader - Could not detect default resource locations for test class [com.javaproject.TestDatabase]: no resource found for suffixes {-context.xml, Context.groovy}.
08:31:05.538 [main] INFO org.springframework.test.context.support.AnnotationConfigContextLoaderUtils - Could not detect default configuration classes for test class [com.javaproject.TestDatabase]: TestDatabase does not declare any static, non-private, non-final, nested classes annotated with @Configuration.
08:31:05.804 [main] DEBUG org.springframework.test.context.support.ActiveProfilesUtils - Could not find an 'annotation declaring class' for annotation type [org.springframework.test.context.ActiveProfiles] and class [com.javaproject.TestDatabase]
08:31:06.065 [main] DEBUG org.springframework.context.annotation.ClassPathScanningCandidateComponentProvider - Identified candidate component class: file [/var/lib/jenkins/workspace/test-bin_develop/target/classes/com/javaproject/DatabaseServiceProjectApplication.class]
08:31:06.066 [main] INFO org.springframework.boot.test.context.SpringBootTestContextBootstrapper - Found @SpringBootConfiguration com.javaproject.DatabaseServiceProjectApplication for test class com.javaproject.TestDatabase
08:31:06.368 [main] DEBUG org.springframework.boot.test.context.SpringBootTestContextBootstrapper - @TestExecutionListeners is not present for class [com.javaproject.TestDatabase]: using defaults.
08:31:06.370 [main] INFO org.springframework.boot.test.context.SpringBootTestContextBootstrapper - Loaded default TestExecutionListener class names from location [META-INF/spring.factories]: [org.springframework.boot.test.mock.mockito.MockitoTestExecutionListener, org.springframework.boot.test.mock.mockito.ResetMocksTestExecutionListener, org.springframework.boot.test.autoconfigure.restdocs.RestDocsTestExecutionListener, org.springframework.boot.test.autoconfigure.web.client.MockRestServiceServerResetTestExecutionListener, org.springframework.boot.test.autoconfigure.web.servlet.MockMvcPrintOnlyOnFailureTestExecutionListener, org.springframework.boot.test.autoconfigure.web.servlet.WebDriverTestExecutionListener, org.springframework.boot.test.autoconfigure.webservices.client.MockWebServiceServerTestExecutionListener, org.springframework.test.context.web.ServletTestExecutionListener, org.springframework.test.context.support.DirtiesContextBeforeModesTestExecutionListener, org.springframework.test.context.event.ApplicationEventsTestExecutionListener, org.springframework.test.context.support.DependencyInjectionTestExecutionListener, org.springframework.test.context.support.DirtiesContextTestExecutionListener, org.springframework.test.context.transaction.TransactionalTestExecutionListener, org.springframework.test.context.jdbc.SqlScriptsTestExecutionListener, org.springframework.test.context.event.EventPublishingTestExecutionListener, org.springframework.security.test.context.support.WithSecurityContextTestExecutionListener, org.springframework.security.test.context.support.ReactorContextTestExecutionListener]
08:31:06.440 [main] INFO org.springframework.boot.test.context.SpringBootTestContextBootstrapper - Using TestExecutionListeners: [org.springframework.test.context.web.ServletTestExecutionListener@1bf39d06, org.springframework.test.context.support.DirtiesContextBeforeModesTestExecutionListener@68217d41, org.springframework.test.context.event.ApplicationEventsTestExecutionListener@1ac45389, org.springframework.boot.test.mock.mockito.MockitoTestExecutionListener@3e5d4f6b, org.springframework.boot.test.autoconfigure.SpringBootDependencyInjectionTestExecutionListener@39c1fe0b, org.springframework.test.context.support.DirtiesContextTestExecutionListener@5ae95707, org.springframework.test.context.transaction.TransactionalTestExecutionListener@62891fc8, org.springframework.test.context.jdbc.SqlScriptsTestExecutionListener@367b22e5, org.springframework.test.context.event.EventPublishingTestExecutionListener@fca387, org.springframework.security.test.context.support.WithSecurityContextTestExecutionListener@10bd9df0, org.springframework.security.test.context.support.ReactorContextTestExecutionListener@3ae0b770, org.springframework.boot.test.mock.mockito.ResetMocksTestExecutionListener@55e3d6c3, org.springframework.boot.test.autoconfigure.restdocs.RestDocsTestExecutionListener@30e6a763, org.springframework.boot.test.autoconfigure.web.client.MockRestServiceServerResetTestExecutionListener@4c48fe92, org.springframework.boot.test.autoconfigure.web.servlet.MockMvcPrintOnlyOnFailureTestExecutionListener@732c9b5c, org.springframework.boot.test.autoconfigure.web.servlet.WebDriverTestExecutionListener@38320e34, org.springframework.boot.test.autoconfigure.webservices.client.MockWebServiceServerTestExecutionListener@3d6a6bee]
08:31:06.452 [main] DEBUG org.springframework.test.context.support.AbstractDirtiesContextTestExecutionListener - Before test class: context [DefaultTestContext@64693226 testClass = TestDatabase, testInstance = [null], testMethod = [null], testException = [null], mergedContextConfiguration = [WebMergedContextConfiguration@1c758545 testClass = TestDatabase, locations = '{}', classes = '{class com.javaproject.DatabaseServiceProjectApplication}', contextInitializerClasses = '[]', activeProfiles = '{}', propertySourceLocations = '{}', propertySourceProperties = '{org.springframework.boot.test.context.SpringBootTestContextBootstrapper=true}', contextCustomizers = set[[ImportsContextCustomizer@117bcfdc key = [org.springframework.boot.test.autoconfigure.web.servlet.MockMvcAutoConfiguration, org.springframework.boot.test.autoconfigure.web.servlet.MockMvcWebClientAutoConfiguration, org.springframework.boot.test.autoconfigure.web.servlet.MockMvcWebDriverAutoConfiguration, org.springframework.boot.autoconfigure.security.oauth2.client.servlet.OAuth2ClientAutoConfiguration, org.springframework.boot.autoconfigure.security.oauth2.resource.servlet.OAuth2ResourceServerAutoConfiguration, org.springframework.boot.autoconfigure.security.servlet.SecurityAutoConfiguration, org.springframework.boot.autoconfigure.security.servlet.SecurityFilterAutoConfiguration, org.springframework.boot.autoconfigure.security.servlet.UserDetailsServiceAutoConfiguration, org.springframework.boot.test.autoconfigure.web.servlet.MockMvcSecurityConfiguration]], org.springframework.boot.test.context.filter.ExcludeFilterContextCustomizer@3deb2326, org.springframework.boot.test.json.DuplicateJsonObjectContextCustomizerFactory$DuplicateJsonObjectContextCustomizer@5ef8df1e, org.springframework.boot.test.mock.mockito.MockitoContextCustomizer@0, org.springframework.boot.test.web.client.TestRestTemplateContextCustomizer@2d72f75e, org.springframework.boot.test.autoconfigure.actuate.metrics.MetricsExportContextCustomizerFactory$DisableMetricExportContextCustomizer@5ca17ab0, org.springframework.boot.test.autoconfigure.properties.PropertyMappingContextCustomizer@4b3fa0b3, org.springframework.boot.test.autoconfigure.web.servlet.WebDriverContextCustomizerFactory$Customizer@525d79f0, org.springframework.boot.test.context.SpringBootTestArgs@1, org.springframework.boot.test.context.SpringBootTestWebEnvironment@3571b748], resourceBasePath = 'src/main/webapp', contextLoader = 'org.springframework.boot.test.context.SpringBootContextLoader', parent = [null]], attributes = map['org.springframework.test.context.web.ServletTestExecutionListener.activateListener' -> true]], class annotated with @DirtiesContext [false] with mode [null].
08:31:06.565 [main] DEBUG org.springframework.test.context.support.TestPropertySourceUtils - Adding inlined properties to environment: {spring.jmx.enabled=false, org.springframework.boot.test.context.SpringBootTestContextBootstrapper=true}

  .   ____          _            __ _ _
 /\\ / ___'_ __ _ _(_)_ __  __ _ \ \ \ \
( ( )\___ | '_ | '_| | '_ \/ _` | \ \ \ \
 \\/  ___)| |_)| | | | | || (_| |  ) ) ) )
  '  |____| .__|_| |_|_| |_\__, | / / / /
 =========|_|==============|___/=/_/_/_/
 :: Spring Boot ::                (v2.5.6)

2024-12-15 08:31:07.490  INFO 9168 --- [           main] com.javaproject.TestDatabase             : Starting TestDatabase using Java 17 on sageOfTitans with PID 9168 (started by jenkins in /var/lib/jenkins/workspace/test-bin_develop)
2024-12-15 08:31:07.500  INFO 9168 --- [           main] com.javaproject.TestDatabase             : No active profile set, falling back to default profiles: default
2024-12-15 08:31:09.507  INFO 9168 --- [           main] .s.d.r.c.RepositoryConfigurationDelegate : Multiple Spring Data modules found, entering strict repository configuration mode!
2024-12-15 08:31:09.510  INFO 9168 --- [           main] .s.d.r.c.RepositoryConfigurationDelegate : Bootstrapping Spring Data JDBC repositories in DEFAULT mode.
2024-12-15 08:31:09.537  INFO 9168 --- [           main] .s.d.r.c.RepositoryConfigurationDelegate : Finished Spring Data repository scanning in 16 ms. Found 0 JDBC repository interfaces.
2024-12-15 08:31:09.562  INFO 9168 --- [           main] .s.d.r.c.RepositoryConfigurationDelegate : Multiple Spring Data modules found, entering strict repository configuration mode!
2024-12-15 08:31:09.565  INFO 9168 --- [           main] .s.d.r.c.RepositoryConfigurationDelegate : Bootstrapping Spring Data JPA repositories in DEFAULT mode.
2024-12-15 08:31:09.578  INFO 9168 --- [           main] .s.d.r.c.RepositoryConfigurationDelegate : Finished Spring Data repository scanning in 4 ms. Found 0 JPA repository interfaces.
2024-12-15 08:31:10.844  INFO 9168 --- [           main] com.zaxxer.hikari.HikariDataSource       : HikariPool-1 - Starting...
2024-12-15 08:31:11.477  INFO 9168 --- [           main] com.zaxxer.hikari.HikariDataSource       : HikariPool-1 - Start completed.
2024-12-15 08:31:11.945  INFO 9168 --- [           main] o.hibernate.jpa.internal.util.LogHelper  : HHH000204: Processing PersistenceUnitInfo [name: default]
2024-12-15 08:31:12.055  INFO 9168 --- [           main] org.hibernate.Version                    : HHH000412: Hibernate ORM core version 5.4.32.Final
2024-12-15 08:31:12.377  INFO 9168 --- [           main] o.hibernate.annotations.common.Version   : HCANN000001: Hibernate Commons Annotations {5.1.2.Final}
2024-12-15 08:31:12.642  INFO 9168 --- [           main] org.hibernate.dialect.Dialect            : HHH000400: Using dialect: org.hibernate.dialect.H2Dialect
2024-12-15 08:31:13.141  INFO 9168 --- [           main] o.h.e.t.j.p.i.JtaPlatformInitiator       : HHH000490: Using JtaPlatform implementation: [org.hibernate.engine.transaction.jta.platform.internal.NoJtaPlatform]
2024-12-15 08:31:13.167  INFO 9168 --- [           main] j.LocalContainerEntityManagerFactoryBean : Initialized JPA EntityManagerFactory for persistence unit 'default'
2024-12-15 08:31:13.540  WARN 9168 --- [           main] JpaBaseConfiguration$JpaWebConfiguration : spring.jpa.open-in-view is enabled by default. Therefore, database queries may be performed during view rendering. Explicitly configure spring.jpa.open-in-view to disable this warning
2024-12-15 08:31:13.657  INFO 9168 --- [           main] o.s.s.p.JdbcUserDetailsManager           : No authentication manager set. Reauthentication of users when changing passwords will not be performed.
2024-12-15 08:31:14.563  INFO 9168 --- [           main] o.s.s.web.DefaultSecurityFilterChain     : Will secure any request with [org.springframework.security.web.context.request.async.WebAsyncManagerIntegrationFilter@1b6a9bb9, org.springframework.security.web.context.SecurityContextPersistenceFilter@51790ffb, org.springframework.security.web.header.HeaderWriterFilter@420e2daa, org.springframework.security.web.authentication.logout.LogoutFilter@5ab7ef8a, org.springframework.security.web.authentication.UsernamePasswordAuthenticationFilter@1a7ba443, org.springframework.security.web.savedrequest.RequestCacheAwareFilter@61aa2edf, org.springframework.security.web.servletapi.SecurityContextHolderAwareRequestFilter@1a8bbf04, org.springframework.security.web.authentication.AnonymousAuthenticationFilter@4887a689, org.springframework.security.web.session.SessionManagementFilter@27b3e5ed, org.springframework.security.web.access.ExceptionTranslationFilter@711534f7, org.springframework.security.web.access.intercept.FilterSecurityInterceptor@2ffb6cf6]
2024-12-15 08:31:15.333  INFO 9168 --- [           main] o.s.b.a.h2.H2ConsoleAutoConfiguration    : H2 console available at '/h2-console'. Database available at 'jdbc:h2:mem:testdb'
2024-12-15 08:31:15.477  INFO 9168 --- [           main] o.s.b.a.w.s.WelcomePageHandlerMapping    : Adding welcome page template: index
2024-12-15 08:31:16.318  INFO 9168 --- [           main] o.s.b.t.m.w.SpringBootMockServletContext : Initializing Spring TestDispatcherServlet ''
2024-12-15 08:31:16.319  INFO 9168 --- [           main] o.s.t.web.servlet.TestDispatcherServlet  : Initializing Servlet ''
2024-12-15 08:31:16.323  INFO 9168 --- [           main] o.s.t.web.servlet.TestDispatcherServlet  : Completed initialization in 2 ms
2024-12-15 08:31:16.377  INFO 9168 --- [           main] com.javaproject.TestDatabase             : Started TestDatabase in 9.788 seconds (JVM running for 13.397)
[INFO] Tests run: 1, Failures: 0, Errors: 0, Skipped: 0, Time elapsed: 12.277 s - in com.javaproject.TestDatabase
[INFO] Running com.javaproject.DatabaseServiceProjectApplicationTests
2024-12-15 08:31:17.154  INFO 9168 --- [           main] .b.t.c.SpringBootTestContextBootstrapper : Neither @ContextConfiguration nor @ContextHierarchy found for test class [com.javaproject.DatabaseServiceProjectApplicationTests], using SpringBootContextLoader
2024-12-15 08:31:17.157  INFO 9168 --- [           main] o.s.t.c.support.AbstractContextLoader    : Could not detect default resource locations for test class [com.javaproject.DatabaseServiceProjectApplicationTests]: no resource found for suffixes {-context.xml, Context.groovy}.
2024-12-15 08:31:17.158  INFO 9168 --- [           main] t.c.s.AnnotationConfigContextLoaderUtils : Could not detect default configuration classes for test class [com.javaproject.DatabaseServiceProjectApplicationTests]: DatabaseServiceProjectApplicationTests does not declare any static, non-private, non-final, nested classes annotated with @Configuration.
2024-12-15 08:31:17.165  INFO 9168 --- [           main] .b.t.c.SpringBootTestContextBootstrapper : Found @SpringBootConfiguration com.javaproject.DatabaseServiceProjectApplication for test class com.javaproject.DatabaseServiceProjectApplicationTests
2024-12-15 08:31:17.170  INFO 9168 --- [           main] .b.t.c.SpringBootTestContextBootstrapper : Loaded default TestExecutionListener class names from location [META-INF/spring.factories]: [org.springframework.boot.test.mock.mockito.MockitoTestExecutionListener, org.springframework.boot.test.mock.mockito.ResetMocksTestExecutionListener, org.springframework.boot.test.autoconfigure.restdocs.RestDocsTestExecutionListener, org.springframework.boot.test.autoconfigure.web.client.MockRestServiceServerResetTestExecutionListener, org.springframework.boot.test.autoconfigure.web.servlet.MockMvcPrintOnlyOnFailureTestExecutionListener, org.springframework.boot.test.autoconfigure.web.servlet.WebDriverTestExecutionListener, org.springframework.boot.test.autoconfigure.webservices.client.MockWebServiceServerTestExecutionListener, org.springframework.test.context.web.ServletTestExecutionListener, org.springframework.test.context.support.DirtiesContextBeforeModesTestExecutionListener, org.springframework.test.context.event.ApplicationEventsTestExecutionListener, org.springframework.test.context.support.DependencyInjectionTestExecutionListener, org.springframework.test.context.support.DirtiesContextTestExecutionListener, org.springframework.test.context.transaction.TransactionalTestExecutionListener, org.springframework.test.context.jdbc.SqlScriptsTestExecutionListener, org.springframework.test.context.event.EventPublishingTestExecutionListener, org.springframework.security.test.context.support.WithSecurityContextTestExecutionListener, org.springframework.security.test.context.support.ReactorContextTestExecutionListener]
2024-12-15 08:31:17.172  INFO 9168 --- [           main] .b.t.c.SpringBootTestContextBootstrapper : Using TestExecutionListeners: [org.springframework.test.context.web.ServletTestExecutionListener@5be872b6, org.springframework.test.context.support.DirtiesContextBeforeModesTestExecutionListener@5a5407c6, org.springframework.test.context.event.ApplicationEventsTestExecutionListener@6f413dc7, org.springframework.boot.test.mock.mockito.MockitoTestExecutionListener@1b816091, org.springframework.boot.test.autoconfigure.SpringBootDependencyInjectionTestExecutionListener@364cc95, org.springframework.test.context.support.DirtiesContextTestExecutionListener@79749108, org.springframework.test.context.transaction.TransactionalTestExecutionListener@1f3d34e4, org.springframework.test.context.jdbc.SqlScriptsTestExecutionListener@f284a7a, org.springframework.test.context.event.EventPublishingTestExecutionListener@2a0d2f6e, org.springframework.security.test.context.support.WithSecurityContextTestExecutionListener@772c07f6, org.springframework.security.test.context.support.ReactorContextTestExecutionListener@1c097e3, org.springframework.boot.test.mock.mockito.ResetMocksTestExecutionListener@4cf6663b, org.springframework.boot.test.autoconfigure.restdocs.RestDocsTestExecutionListener@fc35694, org.springframework.boot.test.autoconfigure.web.client.MockRestServiceServerResetTestExecutionListener@1847e32d, org.springframework.boot.test.autoconfigure.web.servlet.MockMvcPrintOnlyOnFailureTestExecutionListener@1dbd1049, org.springframework.boot.test.autoconfigure.web.servlet.WebDriverTestExecutionListener@62057a7b, org.springframework.boot.test.autoconfigure.webservices.client.MockWebServiceServerTestExecutionListener@77e7e759]
[INFO] Tests run: 1, Failures: 0, Errors: 0, Skipped: 0, Time elapsed: 0.017 s - in com.javaproject.DatabaseServiceProjectApplicationTests
[INFO] Running com.javaproject.TestController
2024-12-15 08:31:17.206  INFO 9168 --- [           main] .b.t.c.SpringBootTestContextBootstrapper : Neither @ContextConfiguration nor @ContextHierarchy found for test class [com.javaproject.TestController], using SpringBootContextLoader
2024-12-15 08:31:17.209  INFO 9168 --- [           main] o.s.t.c.support.AbstractContextLoader    : Could not detect default resource locations for test class [com.javaproject.TestController]: no resource found for suffixes {-context.xml, Context.groovy}.
2024-12-15 08:31:17.210  INFO 9168 --- [           main] t.c.s.AnnotationConfigContextLoaderUtils : Could not detect default configuration classes for test class [com.javaproject.TestController]: TestController does not declare any static, non-private, non-final, nested classes annotated with @Configuration.
2024-12-15 08:31:17.216  INFO 9168 --- [           main] .b.t.c.SpringBootTestContextBootstrapper : Found @SpringBootConfiguration com.javaproject.DatabaseServiceProjectApplication for test class com.javaproject.TestController
2024-12-15 08:31:17.219  INFO 9168 --- [           main] .b.t.c.SpringBootTestContextBootstrapper : Loaded default TestExecutionListener class names from location [META-INF/spring.factories]: [org.springframework.boot.test.mock.mockito.MockitoTestExecutionListener, org.springframework.boot.test.mock.mockito.ResetMocksTestExecutionListener, org.springframework.boot.test.autoconfigure.restdocs.RestDocsTestExecutionListener, org.springframework.boot.test.autoconfigure.web.client.MockRestServiceServerResetTestExecutionListener, org.springframework.boot.test.autoconfigure.web.servlet.MockMvcPrintOnlyOnFailureTestExecutionListener, org.springframework.boot.test.autoconfigure.web.servlet.WebDriverTestExecutionListener, org.springframework.boot.test.autoconfigure.webservices.client.MockWebServiceServerTestExecutionListener, org.springframework.test.context.web.ServletTestExecutionListener, org.springframework.test.context.support.DirtiesContextBeforeModesTestExecutionListener, org.springframework.test.context.event.ApplicationEventsTestExecutionListener, org.springframework.test.context.support.DependencyInjectionTestExecutionListener, org.springframework.test.context.support.DirtiesContextTestExecutionListener, org.springframework.test.context.transaction.TransactionalTestExecutionListener, org.springframework.test.context.jdbc.SqlScriptsTestExecutionListener, org.springframework.test.context.event.EventPublishingTestExecutionListener, org.springframework.security.test.context.support.WithSecurityContextTestExecutionListener, org.springframework.security.test.context.support.ReactorContextTestExecutionListener]
2024-12-15 08:31:17.222  INFO 9168 --- [           main] .b.t.c.SpringBootTestContextBootstrapper : Using TestExecutionListeners: [org.springframework.test.context.web.ServletTestExecutionListener@6ccb2162, org.springframework.test.context.support.DirtiesContextBeforeModesTestExecutionListener@245ece8d, org.springframework.test.context.event.ApplicationEventsTestExecutionListener@5818021, org.springframework.boot.test.mock.mockito.MockitoTestExecutionListener@25a85c9, org.springframework.boot.test.autoconfigure.SpringBootDependencyInjectionTestExecutionListener@372f64d1, org.springframework.test.context.support.DirtiesContextTestExecutionListener@6557ee1f, org.springframework.test.context.transaction.TransactionalTestExecutionListener@6cdeea1c, org.springframework.test.context.jdbc.SqlScriptsTestExecutionListener@3afc5e83, org.springframework.test.context.event.EventPublishingTestExecutionListener@76b9bce1, org.springframework.security.test.context.support.WithSecurityContextTestExecutionListener@2c44833f, org.springframework.security.test.context.support.ReactorContextTestExecutionListener@375112a1, org.springframework.boot.test.mock.mockito.ResetMocksTestExecutionListener@6f815a8e, org.springframework.boot.test.autoconfigure.restdocs.RestDocsTestExecutionListener@5464ad2b, org.springframework.boot.test.autoconfigure.web.client.MockRestServiceServerResetTestExecutionListener@5cb181e3, org.springframework.boot.test.autoconfigure.web.servlet.MockMvcPrintOnlyOnFailureTestExecutionListener@63ca44ce, org.springframework.boot.test.autoconfigure.web.servlet.WebDriverTestExecutionListener@67a3713, org.springframework.boot.test.autoconfigure.webservices.client.MockWebServiceServerTestExecutionListener@7706df02]
return value is: 5

MockHttpServletRequest:
      HTTP Method = POST
      Request URI = /boardgameAdded
       Parameters = {name=[onecard], level=[1], minPlayers=[2], maxPlayers=[+], gameType=[Party Game]}
          Headers = []
             Body = null
    Session Attrs = {}

Handler:
             Type = com.javaproject.controllers.HomeController
           Method = com.javaproject.controllers.HomeController#boardgameAdded(BoardGame)

Async:
    Async started = false
     Async result = null

Resolved Exception:
             Type = null

ModelAndView:
        View name = redirect:/
             View = null
            Model = null

FlashMap:
       Attributes = null

MockHttpServletResponse:
           Status = 302
    Error message = null
          Headers = [Content-Language:"en", X-Content-Type-Options:"nosniff", X-XSS-Protection:"1; mode=block", Cache-Control:"no-cache, no-store, max-age=0, must-revalidate", Pragma:"no-cache", Expires:"0", Location:"/"]
     Content type = null
             Body = 
    Forwarded URL = null
   Redirected URL = /
          Cookies = []
return value is: 1
return value is: 1
[INFO] Tests run: 4, Failures: 0, Errors: 0, Skipped: 0, Time elapsed: 1.143 s - in com.javaproject.TestController
2024-12-15 08:31:18.480  INFO 9168 --- [ionShutdownHook] j.LocalContainerEntityManagerFactoryBean : Closing JPA EntityManagerFactory for persistence unit 'default'
2024-12-15 08:31:18.481  INFO 9168 --- [ionShutdownHook] .SchemaDropperImpl$DelayedDropActionImpl : HHH000477: Starting delayed evictData of schema as part of SessionFactory shut-down'
2024-12-15 08:31:18.487  INFO 9168 --- [ionShutdownHook] com.zaxxer.hikari.HikariDataSource       : HikariPool-1 - Shutdown initiated...
2024-12-15 08:31:18.492  INFO 9168 --- [ionShutdownHook] com.zaxxer.hikari.HikariDataSource       : HikariPool-1 - Shutdown completed.
[INFO] 
[INFO] Results:
[INFO] 
[INFO] Tests run: 6, Failures: 0, Errors: 0, Skipped: 0
[INFO] 
[INFO] ------------------------------------------------------------------------
[INFO] BUILD SUCCESS
[INFO] ------------------------------------------------------------------------
[INFO] Total time:  21.635 s
[INFO] Finished at: 2024-12-15T08:31:18Z
[INFO] ------------------------------------------------------------------------
[8mha:////4Fi3hR9BGHs+H90FLwgDJ5B4RVFWOYadkqulVdYmlLzGAAAApB+LCAAAAAAAAP9tjTEOwjAQBC9BFLSUPOIioXSIitZKwwtMYowd686xHZyKF/E1/kAgEhVbrHa2mecL1jHAkYNGq6g3FFuD3o16Xpg59FfHGS1fsGWK7BQ2KjfcqdOCDScFS4oSVgI2ilrH0ZBOsBVW3mXlJOnqnML8HQSUphvgAYWYzUmG9IUpwO42dpHp5/krgMn7BGVdf2r/BmFfOky+AAAA[0m[Pipeline] }
[8mha:////4FjkQVL3MWaBkLRnnkFtsiKcvQfTiEWCmnBZEoVb5zxbAAAApB+LCAAAAAAAAP9tjTEOwjAQBC9BFLSUPOIiJKgQVVrLDS8wsTFOrDtjOyQVL+Jr/IFAJCq2WO1sM88XLFOEI0eLraHOUWocBt/baeHAsbt4HrDlMzZMib1BaQbJ2tQzSs4G5hQlLASsDDWekyObYS1adVeVV2SrU47TdxBQOn2DBxRiMmcV8xfGCJtrrxPTz/NXAGMIGcrd/lPbN37dbx6+AAAA[0m[Pipeline] // withEnv
[8mha:////4O71HAIPxh8z5IZLm4a/lo5243iohQFynOzE2kR7Hh2JAAAApR+LCAAAAAAAAP9tjTEOwjAQBC9BFLSUPOJSgNIgqrRWGl5gYmOcWHfGdkgqXsTX+AMWkajYYrWzzbzesI4BThwM9poGS7Gz6N1o8sKJw3B1PGHPF+yYIjuNrZ5aVrpZsOWkYUlRwkrARlPnOFoyCbailw9ZOUmmOqeQv6OA0qo7PKEQ2ZxkSF+YA+xuo4pMP89fAczeJygPda59/QG0rN5JvgAAAA==[0m[Pipeline] }
[8mha:////4D2U1PbjiwUWZbrN/fLAuLAscllVQ8z9+BuCgHKpnD8dAAAApR+LCAAAAAAAAP9tjTEOwjAQBC9BFLSUPOJSAKJAqWgtN7zAJMY4se6C7eBUvIiv8QcsIlGxxWpnm3m9YRk81OwNdpp6S6GxOLjR5IWJfX91nLDjCzZMgZ1GqZPkVp9mlBw1zClKWAhYaWocB0smwlp06qEqp8hU5+jzdxRQ2vYOTyhENkfl4xcmD5vb2Aamn+evAKZhiFDuDrm2+w+rLosbvgAAAA==[0m[Pipeline] // stage
[8mha:////4BenHKcp/CE6v7knHIxm5ONaXDdGmPQfAKtF1wmgYT5tAAAAqB+LCAAAAAAAAP9tjTEOwjAUQ3+LOrAycohUIAYk1Ik16sIJQhNC0uj/kqSkEyfiatyBQCUmPFi2Jes9X1AFDw15zazC3mDoDBvcqHNiiXx/cZSYpTPrCAM5xVqVWpLqONeWooJZRQkLDkuFnaNgUEdYcSvuonYCdX2KPm8HDqWRN3hAwTM5Ch+/ZfKwvo4yEP44fwEwDRHK7Sbbbv95Vm9e0pcfwgAAAA==[0m[Pipeline] stage
[8mha:////4FjqY+8T1Ynh39QQO964DVO5SZhU8CeNN4/GJwqr9c5OAAAApx+LCAAAAAAAAP9tjTEOwjAUQ3+LOrAycoh0YQAhpq5RFk4QmhDSRv+Xn5R24kRcjTvQUokJD5ZtyXqvNxSR4UTsRGOx9RhrL7rQuymJgbi9BhpEQxdRE0YKVig7KDK2WqqiZGFRlsNKwtpiHSh6dAk2stEPXQaNrjwnnrajhNybOzwhkxM5aU7fMjJsb72JhD/OXwCMXYJ8t5/tMD+LD56au0DCAAAA[0m[Pipeline] { (Build)
[8mha:////4BRGTYAJrguT9hPLTt0bR+0DqtYvG/GvdlHsrLK2Zm1YAAAApR+LCAAAAAAAAP9tjTEOwjAQBC9BFLSUPOJCAQVCqWgtN7zAJMY4se6C7eBUvIiv8QcsIlGxxWpnm3m9YRk81OwNdpp6S6GxOLjR5IWJfX91nLDjCzZMgZ1GqZPkVp9mlBw1zClKWAhYaWocB0smwlp06qEqp8hU5+jzdxRQ2vYOTyhENkfl4xcmD5vb2Aamn+evAKYhQrk75Npvhw/4iFt7vgAAAA==[0m[Pipeline] tool
[8mha:////4Bo4HmnrKS5KT9rHncODQWEBPLz5vAjzxBC7amodG5AJAAAAph+LCAAAAAAAAP9tjTEOwjAQBC9BFLSUPOIiJCgQSkVrueEFJjHGiXUXbAen4kV8jT9gEYmKLVY728zrDcvgoWZvsNPUWwqNxcGNJi9M7Pur44QdX7BhCuw0Sp0kt/o0o+SoYU5RwkLASlPjOFgyEdaiUw9VOUWmOkefv6OA0rZ3eEIhsjkqH78wedjcxjYw/Tx/BTANEcrdIdd+O3wAublAYr4AAAA=[0m[Pipeline] envVarsForTool
[8mha:////4CW67RVb87uaDvWjyPhPvaIczNtCLbHvXmUN6pa7gIfuAAAAph+LCAAAAAAAAP9tjTEOwjAQBC9BFLSUPOIiISgQSkVrueEFJjHGiXUXbAen4kV8jT9gEYmKLVY728zrDcvgoWZvsNPUWwqNxcGNJi9M7Pur44QdX7BhCuw0Sp0kt/o0o+SoYU5RwkLASlPjOFgyEdaiUw9VOUWmOkefv6OA0rZ3eEIhsjkqH78wedjcxjYw/Tx/BTANEcrdIdd+O3wAeuptSb4AAAA=[0m[Pipeline] tool
[8mha:////4OS5FzRdxSYMpjCwaLV6jMN/V2XLQpRbuaV2MCqYcXVcAAAApR+LCAAAAAAAAP9tjTEOwjAQBC9BFLSUPOJSAAVCqWgtN7zAJMY4se6C7eBUvIiv8QcsIlGxxWpnm3m9YRk81OwNdpp6S6GxOLjR5IWJfX91nLDjCzZMgZ1GqZPkVp9mlBw1zClKWAhYaWocB0smwlp06qEqp8hU5+jzdxRQ2vYOTyhENkfl4xcmD5vb2Aamn+evAKYhQrk75Npvhw8723ZQvgAAAA==[0m[Pipeline] envVarsForTool
[8mha:////4EdtQEJdnYCcnBXzJYm1sc91k4c9VivFsk465mOaHTcJAAAAqB+LCAAAAAAAAP9tjTEOwjAUQ3+LOrAycoh0KQNCTF2jLpwgNCEkjf4vSUo6cSKuxh0IVGLCg2Vbst7zBVXwcCSvmVU4GAy9YaObdE4skR8ujhKzdGY9YSCnWKdSR1K1S+0oKlhUlLDisFbYOwoGdYQNt+IuaidQ16fo83bgUBp5gwcUPJOj8PFbZg/b6yQD4Y/zFwDzGKFs9tl2zedZvQE0XdybwgAAAA==[0m[Pipeline] withEnv
[8mha:////4D2X3EDIvTIgNhMNoHMJEjxRTYcLHPsUNiaz5aA9ZD2DAAAAph+LCAAAAAAAAP9tjTEOwjAUQ3+DOrAycoh0oRNiYo26cILQhJA0+r9NUtKJE3E17kBLJSY8WLYl673eUMYAJwqGO42dxdha3vvRzIlnCt3NU+aOrrwljOQ1b3RuSOnzWhtKGlYVDDYCthpbT9GiSbATTj5k5SWa6pLCvB0FMKsGeEIhZnKSIX3LFGB/H1Uk/HH+AmDqE7D6sFi9PMsP+Y+xAMIAAAA=[0m[Pipeline] {
[8mha:////4H/t57MB2nIVIShpwT4hfXaWRgJaYxV7E0xnS5HrFvcLAAAAox+LCAAAAAAAAP9tjTESwiAURH/iWNhaeghSxcaxsmVoPAEmiBDmfwJEUnkir+YdRDNj5RY7+7Z5zxesY4AjBc2swsFg7AzzbtJlsUxhuDrKzNKFdYSRnGJCZUG9Oi0oKClYUtWw4rBR2DmKBnWCLbfyLhsnUTfnFMp34FCbfoQHVLyYkwzpC3OA3W3qI+HP81cAs09Qt+2n9v4NlEULJr4AAAA=[0m[Pipeline] sh
+ mvn package
[INFO] Scanning for projects...
[INFO] 
[INFO] --------------< com.javaproject:database_service_project >--------------
[INFO] Building database_service_project 0.0.2
[INFO]   from pom.xml
[INFO] --------------------------------[ jar ]---------------------------------
[WARNING] 1 problem was encountered while building the effective model for org.javassist:javassist:jar:3.20.0-GA during dependency collection step for project (use -X to see details)
[INFO] 
[INFO] --- jacoco:0.8.7:prepare-agent (jacoco-initialize) @ database_service_project ---
[INFO] argLine set to -javaagent:/var/lib/jenkins/.m2/repository/org/jacoco/org.jacoco.agent/0.8.7/org.jacoco.agent-0.8.7-runtime.jar=destfile=/var/lib/jenkins/workspace/test-bin_develop/target/jacoco.exec
[INFO] 
[INFO] --- resources:3.2.0:resources (default-resources) @ database_service_project ---
[INFO] Using 'UTF-8' encoding to copy filtered resources.
[INFO] Using 'UTF-8' encoding to copy filtered properties files.
[INFO] Copying 1 resource
[INFO] Copying 19 resources
[INFO] 
[INFO] --- compiler:3.8.1:compile (default-compile) @ database_service_project ---
[INFO] Nothing to compile - all classes are up to date
[INFO] 
[INFO] --- resources:3.2.0:testResources (default-testResources) @ database_service_project ---
[INFO] Using 'UTF-8' encoding to copy filtered resources.
[INFO] Using 'UTF-8' encoding to copy filtered properties files.
[INFO] skip non existing resourceDirectory /var/lib/jenkins/workspace/test-bin_develop/src/test/resources
[INFO] 
[INFO] --- compiler:3.8.1:testCompile (default-testCompile) @ database_service_project ---
[INFO] Nothing to compile - all classes are up to date
[INFO] 
[INFO] --- surefire:2.22.2:test (default-test) @ database_service_project ---
[INFO] 
[INFO] -------------------------------------------------------
[INFO]  T E S T S
[INFO] -------------------------------------------------------
[INFO] Running com.javaproject.TestDatabase
08:31:23.930 [main] DEBUG org.springframework.test.context.BootstrapUtils - Instantiating CacheAwareContextLoaderDelegate from class [org.springframework.test.context.cache.DefaultCacheAwareContextLoaderDelegate]
08:31:23.958 [main] DEBUG org.springframework.test.context.BootstrapUtils - Instantiating BootstrapContext using constructor [public org.springframework.test.context.support.DefaultBootstrapContext(java.lang.Class,org.springframework.test.context.CacheAwareContextLoaderDelegate)]
08:31:24.099 [main] DEBUG org.springframework.test.context.BootstrapUtils - Instantiating TestContextBootstrapper for test class [com.javaproject.TestDatabase] from class [org.springframework.boot.test.context.SpringBootTestContextBootstrapper]
08:31:24.151 [main] INFO org.springframework.boot.test.context.SpringBootTestContextBootstrapper - Neither @ContextConfiguration nor @ContextHierarchy found for test class [com.javaproject.TestDatabase], using SpringBootContextLoader
08:31:24.160 [main] DEBUG org.springframework.test.context.support.AbstractContextLoader - Did not detect default resource location for test class [com.javaproject.TestDatabase]: class path resource [com/javaproject/TestDatabase-context.xml] does not exist
08:31:24.161 [main] DEBUG org.springframework.test.context.support.AbstractContextLoader - Did not detect default resource location for test class [com.javaproject.TestDatabase]: class path resource [com/javaproject/TestDatabaseContext.groovy] does not exist
08:31:24.161 [main] INFO org.springframework.test.context.support.AbstractContextLoader - Could not detect default resource locations for test class [com.javaproject.TestDatabase]: no resource found for suffixes {-context.xml, Context.groovy}.
08:31:24.163 [main] INFO org.springframework.test.context.support.AnnotationConfigContextLoaderUtils - Could not detect default configuration classes for test class [com.javaproject.TestDatabase]: TestDatabase does not declare any static, non-private, non-final, nested classes annotated with @Configuration.
08:31:24.368 [main] DEBUG org.springframework.test.context.support.ActiveProfilesUtils - Could not find an 'annotation declaring class' for annotation type [org.springframework.test.context.ActiveProfiles] and class [com.javaproject.TestDatabase]
08:31:24.603 [main] DEBUG org.springframework.context.annotation.ClassPathScanningCandidateComponentProvider - Identified candidate component class: file [/var/lib/jenkins/workspace/test-bin_develop/target/classes/com/javaproject/DatabaseServiceProjectApplication.class]
08:31:24.605 [main] INFO org.springframework.boot.test.context.SpringBootTestContextBootstrapper - Found @SpringBootConfiguration com.javaproject.DatabaseServiceProjectApplication for test class com.javaproject.TestDatabase
08:31:24.961 [main] DEBUG org.springframework.boot.test.context.SpringBootTestContextBootstrapper - @TestExecutionListeners is not present for class [com.javaproject.TestDatabase]: using defaults.
08:31:24.962 [main] INFO org.springframework.boot.test.context.SpringBootTestContextBootstrapper - Loaded default TestExecutionListener class names from location [META-INF/spring.factories]: [org.springframework.boot.test.mock.mockito.MockitoTestExecutionListener, org.springframework.boot.test.mock.mockito.ResetMocksTestExecutionListener, org.springframework.boot.test.autoconfigure.restdocs.RestDocsTestExecutionListener, org.springframework.boot.test.autoconfigure.web.client.MockRestServiceServerResetTestExecutionListener, org.springframework.boot.test.autoconfigure.web.servlet.MockMvcPrintOnlyOnFailureTestExecutionListener, org.springframework.boot.test.autoconfigure.web.servlet.WebDriverTestExecutionListener, org.springframework.boot.test.autoconfigure.webservices.client.MockWebServiceServerTestExecutionListener, org.springframework.test.context.web.ServletTestExecutionListener, org.springframework.test.context.support.DirtiesContextBeforeModesTestExecutionListener, org.springframework.test.context.event.ApplicationEventsTestExecutionListener, org.springframework.test.context.support.DependencyInjectionTestExecutionListener, org.springframework.test.context.support.DirtiesContextTestExecutionListener, org.springframework.test.context.transaction.TransactionalTestExecutionListener, org.springframework.test.context.jdbc.SqlScriptsTestExecutionListener, org.springframework.test.context.event.EventPublishingTestExecutionListener, org.springframework.security.test.context.support.WithSecurityContextTestExecutionListener, org.springframework.security.test.context.support.ReactorContextTestExecutionListener]
08:31:25.019 [main] INFO org.springframework.boot.test.context.SpringBootTestContextBootstrapper - Using TestExecutionListeners: [org.springframework.test.context.web.ServletTestExecutionListener@1bf39d06, org.springframework.test.context.support.DirtiesContextBeforeModesTestExecutionListener@68217d41, org.springframework.test.context.event.ApplicationEventsTestExecutionListener@1ac45389, org.springframework.boot.test.mock.mockito.MockitoTestExecutionListener@3e5d4f6b, org.springframework.boot.test.autoconfigure.SpringBootDependencyInjectionTestExecutionListener@39c1fe0b, org.springframework.test.context.support.DirtiesContextTestExecutionListener@5ae95707, org.springframework.test.context.transaction.TransactionalTestExecutionListener@62891fc8, org.springframework.test.context.jdbc.SqlScriptsTestExecutionListener@367b22e5, org.springframework.test.context.event.EventPublishingTestExecutionListener@fca387, org.springframework.security.test.context.support.WithSecurityContextTestExecutionListener@10bd9df0, org.springframework.security.test.context.support.ReactorContextTestExecutionListener@3ae0b770, org.springframework.boot.test.mock.mockito.ResetMocksTestExecutionListener@55e3d6c3, org.springframework.boot.test.autoconfigure.restdocs.RestDocsTestExecutionListener@30e6a763, org.springframework.boot.test.autoconfigure.web.client.MockRestServiceServerResetTestExecutionListener@4c48fe92, org.springframework.boot.test.autoconfigure.web.servlet.MockMvcPrintOnlyOnFailureTestExecutionListener@732c9b5c, org.springframework.boot.test.autoconfigure.web.servlet.WebDriverTestExecutionListener@38320e34, org.springframework.boot.test.autoconfigure.webservices.client.MockWebServiceServerTestExecutionListener@3d6a6bee]
08:31:25.029 [main] DEBUG org.springframework.test.context.support.AbstractDirtiesContextTestExecutionListener - Before test class: context [DefaultTestContext@64693226 testClass = TestDatabase, testInstance = [null], testMethod = [null], testException = [null], mergedContextConfiguration = [WebMergedContextConfiguration@1c758545 testClass = TestDatabase, locations = '{}', classes = '{class com.javaproject.DatabaseServiceProjectApplication}', contextInitializerClasses = '[]', activeProfiles = '{}', propertySourceLocations = '{}', propertySourceProperties = '{org.springframework.boot.test.context.SpringBootTestContextBootstrapper=true}', contextCustomizers = set[[ImportsContextCustomizer@117bcfdc key = [org.springframework.boot.test.autoconfigure.web.servlet.MockMvcAutoConfiguration, org.springframework.boot.test.autoconfigure.web.servlet.MockMvcWebClientAutoConfiguration, org.springframework.boot.test.autoconfigure.web.servlet.MockMvcWebDriverAutoConfiguration, org.springframework.boot.autoconfigure.security.oauth2.client.servlet.OAuth2ClientAutoConfiguration, org.springframework.boot.autoconfigure.security.oauth2.resource.servlet.OAuth2ResourceServerAutoConfiguration, org.springframework.boot.autoconfigure.security.servlet.SecurityAutoConfiguration, org.springframework.boot.autoconfigure.security.servlet.SecurityFilterAutoConfiguration, org.springframework.boot.autoconfigure.security.servlet.UserDetailsServiceAutoConfiguration, org.springframework.boot.test.autoconfigure.web.servlet.MockMvcSecurityConfiguration]], org.springframework.boot.test.context.filter.ExcludeFilterContextCustomizer@3deb2326, org.springframework.boot.test.json.DuplicateJsonObjectContextCustomizerFactory$DuplicateJsonObjectContextCustomizer@5ef8df1e, org.springframework.boot.test.mock.mockito.MockitoContextCustomizer@0, org.springframework.boot.test.web.client.TestRestTemplateContextCustomizer@2d72f75e, org.springframework.boot.test.autoconfigure.actuate.metrics.MetricsExportContextCustomizerFactory$DisableMetricExportContextCustomizer@5ca17ab0, org.springframework.boot.test.autoconfigure.properties.PropertyMappingContextCustomizer@4b3fa0b3, org.springframework.boot.test.autoconfigure.web.servlet.WebDriverContextCustomizerFactory$Customizer@525d79f0, org.springframework.boot.test.context.SpringBootTestArgs@1, org.springframework.boot.test.context.SpringBootTestWebEnvironment@3571b748], resourceBasePath = 'src/main/webapp', contextLoader = 'org.springframework.boot.test.context.SpringBootContextLoader', parent = [null]], attributes = map['org.springframework.test.context.web.ServletTestExecutionListener.activateListener' -> true]], class annotated with @DirtiesContext [false] with mode [null].
08:31:25.136 [main] DEBUG org.springframework.test.context.support.TestPropertySourceUtils - Adding inlined properties to environment: {spring.jmx.enabled=false, org.springframework.boot.test.context.SpringBootTestContextBootstrapper=true}

  .   ____          _            __ _ _
 /\\ / ___'_ __ _ _(_)_ __  __ _ \ \ \ \
( ( )\___ | '_ | '_| | '_ \/ _` | \ \ \ \
 \\/  ___)| |_)| | | | | || (_| |  ) ) ) )
  '  |____| .__|_| |_|_| |_\__, | / / / /
 =========|_|==============|___/=/_/_/_/
 :: Spring Boot ::                (v2.5.6)

2024-12-15 08:31:25.991  INFO 9549 --- [           main] com.javaproject.TestDatabase             : Starting TestDatabase using Java 17 on sageOfTitans with PID 9549 (started by jenkins in /var/lib/jenkins/workspace/test-bin_develop)
2024-12-15 08:31:25.996  INFO 9549 --- [           main] com.javaproject.TestDatabase             : No active profile set, falling back to default profiles: default
2024-12-15 08:31:27.825  INFO 9549 --- [           main] .s.d.r.c.RepositoryConfigurationDelegate : Multiple Spring Data modules found, entering strict repository configuration mode!
2024-12-15 08:31:27.828  INFO 9549 --- [           main] .s.d.r.c.RepositoryConfigurationDelegate : Bootstrapping Spring Data JDBC repositories in DEFAULT mode.
2024-12-15 08:31:27.863  INFO 9549 --- [           main] .s.d.r.c.RepositoryConfigurationDelegate : Finished Spring Data repository scanning in 20 ms. Found 0 JDBC repository interfaces.
2024-12-15 08:31:27.905  INFO 9549 --- [           main] .s.d.r.c.RepositoryConfigurationDelegate : Multiple Spring Data modules found, entering strict repository configuration mode!
2024-12-15 08:31:27.909  INFO 9549 --- [           main] .s.d.r.c.RepositoryConfigurationDelegate : Bootstrapping Spring Data JPA repositories in DEFAULT mode.
2024-12-15 08:31:27.928  INFO 9549 --- [           main] .s.d.r.c.RepositoryConfigurationDelegate : Finished Spring Data repository scanning in 5 ms. Found 0 JPA repository interfaces.
2024-12-15 08:31:29.018  INFO 9549 --- [           main] com.zaxxer.hikari.HikariDataSource       : HikariPool-1 - Starting...
2024-12-15 08:31:29.814  INFO 9549 --- [           main] com.zaxxer.hikari.HikariDataSource       : HikariPool-1 - Start completed.
2024-12-15 08:31:30.305  INFO 9549 --- [           main] o.hibernate.jpa.internal.util.LogHelper  : HHH000204: Processing PersistenceUnitInfo [name: default]
2024-12-15 08:31:30.470  INFO 9549 --- [           main] org.hibernate.Version                    : HHH000412: Hibernate ORM core version 5.4.32.Final
2024-12-15 08:31:30.795  INFO 9549 --- [           main] o.hibernate.annotations.common.Version   : HCANN000001: Hibernate Commons Annotations {5.1.2.Final}
2024-12-15 08:31:31.096  INFO 9549 --- [           main] org.hibernate.dialect.Dialect            : HHH000400: Using dialect: org.hibernate.dialect.H2Dialect
2024-12-15 08:31:31.507  INFO 9549 --- [           main] o.h.e.t.j.p.i.JtaPlatformInitiator       : HHH000490: Using JtaPlatform implementation: [org.hibernate.engine.transaction.jta.platform.internal.NoJtaPlatform]
2024-12-15 08:31:31.519  INFO 9549 --- [           main] j.LocalContainerEntityManagerFactoryBean : Initialized JPA EntityManagerFactory for persistence unit 'default'
2024-12-15 08:31:31.886  WARN 9549 --- [           main] JpaBaseConfiguration$JpaWebConfiguration : spring.jpa.open-in-view is enabled by default. Therefore, database queries may be performed during view rendering. Explicitly configure spring.jpa.open-in-view to disable this warning
2024-12-15 08:31:32.047  INFO 9549 --- [           main] o.s.s.p.JdbcUserDetailsManager           : No authentication manager set. Reauthentication of users when changing passwords will not be performed.
2024-12-15 08:31:32.893  INFO 9549 --- [           main] o.s.s.web.DefaultSecurityFilterChain     : Will secure any request with [org.springframework.security.web.context.request.async.WebAsyncManagerIntegrationFilter@68263c3e, org.springframework.security.web.context.SecurityContextPersistenceFilter@76225435, org.springframework.security.web.header.HeaderWriterFilter@26c8a6b3, org.springframework.security.web.authentication.logout.LogoutFilter@46ddacb, org.springframework.security.web.authentication.UsernamePasswordAuthenticationFilter@2d9cde8, org.springframework.security.web.savedrequest.RequestCacheAwareFilter@6980c9c3, org.springframework.security.web.servletapi.SecurityContextHolderAwareRequestFilter@27a93cfa, org.springframework.security.web.authentication.AnonymousAuthenticationFilter@4da093f5, org.springframework.security.web.session.SessionManagementFilter@539fe2b8, org.springframework.security.web.access.ExceptionTranslationFilter@70d595e8, org.springframework.security.web.access.intercept.FilterSecurityInterceptor@10a00374]
2024-12-15 08:31:33.916  INFO 9549 --- [           main] o.s.b.a.h2.H2ConsoleAutoConfiguration    : H2 console available at '/h2-console'. Database available at 'jdbc:h2:mem:testdb'
2024-12-15 08:31:34.136  INFO 9549 --- [           main] o.s.b.a.w.s.WelcomePageHandlerMapping    : Adding welcome page template: index
2024-12-15 08:31:35.178  INFO 9549 --- [           main] o.s.b.t.m.w.SpringBootMockServletContext : Initializing Spring TestDispatcherServlet ''
2024-12-15 08:31:35.180  INFO 9549 --- [           main] o.s.t.web.servlet.TestDispatcherServlet  : Initializing Servlet ''
2024-12-15 08:31:35.184  INFO 9549 --- [           main] o.s.t.web.servlet.TestDispatcherServlet  : Completed initialization in 4 ms
2024-12-15 08:31:35.275  INFO 9549 --- [           main] com.javaproject.TestDatabase             : Started TestDatabase in 10.119 seconds (JVM running for 13.294)
[INFO] Tests run: 1, Failures: 0, Errors: 0, Skipped: 0, Time elapsed: 12.377 s - in com.javaproject.TestDatabase
[INFO] Running com.javaproject.DatabaseServiceProjectApplicationTests
2024-12-15 08:31:36.125  INFO 9549 --- [           main] .b.t.c.SpringBootTestContextBootstrapper : Neither @ContextConfiguration nor @ContextHierarchy found for test class [com.javaproject.DatabaseServiceProjectApplicationTests], using SpringBootContextLoader
2024-12-15 08:31:36.127  INFO 9549 --- [           main] o.s.t.c.support.AbstractContextLoader    : Could not detect default resource locations for test class [com.javaproject.DatabaseServiceProjectApplicationTests]: no resource found for suffixes {-context.xml, Context.groovy}.
2024-12-15 08:31:36.128  INFO 9549 --- [           main] t.c.s.AnnotationConfigContextLoaderUtils : Could not detect default configuration classes for test class [com.javaproject.DatabaseServiceProjectApplicationTests]: DatabaseServiceProjectApplicationTests does not declare any static, non-private, non-final, nested classes annotated with @Configuration.
2024-12-15 08:31:36.135  INFO 9549 --- [           main] .b.t.c.SpringBootTestContextBootstrapper : Found @SpringBootConfiguration com.javaproject.DatabaseServiceProjectApplication for test class com.javaproject.DatabaseServiceProjectApplicationTests
2024-12-15 08:31:36.139  INFO 9549 --- [           main] .b.t.c.SpringBootTestContextBootstrapper : Loaded default TestExecutionListener class names from location [META-INF/spring.factories]: [org.springframework.boot.test.mock.mockito.MockitoTestExecutionListener, org.springframework.boot.test.mock.mockito.ResetMocksTestExecutionListener, org.springframework.boot.test.autoconfigure.restdocs.RestDocsTestExecutionListener, org.springframework.boot.test.autoconfigure.web.client.MockRestServiceServerResetTestExecutionListener, org.springframework.boot.test.autoconfigure.web.servlet.MockMvcPrintOnlyOnFailureTestExecutionListener, org.springframework.boot.test.autoconfigure.web.servlet.WebDriverTestExecutionListener, org.springframework.boot.test.autoconfigure.webservices.client.MockWebServiceServerTestExecutionListener, org.springframework.test.context.web.ServletTestExecutionListener, org.springframework.test.context.support.DirtiesContextBeforeModesTestExecutionListener, org.springframework.test.context.event.ApplicationEventsTestExecutionListener, org.springframework.test.context.support.DependencyInjectionTestExecutionListener, org.springframework.test.context.support.DirtiesContextTestExecutionListener, org.springframework.test.context.transaction.TransactionalTestExecutionListener, org.springframework.test.context.jdbc.SqlScriptsTestExecutionListener, org.springframework.test.context.event.EventPublishingTestExecutionListener, org.springframework.security.test.context.support.WithSecurityContextTestExecutionListener, org.springframework.security.test.context.support.ReactorContextTestExecutionListener]
2024-12-15 08:31:36.141  INFO 9549 --- [           main] .b.t.c.SpringBootTestContextBootstrapper : Using TestExecutionListeners: [org.springframework.test.context.web.ServletTestExecutionListener@6818ccfe, org.springframework.test.context.support.DirtiesContextBeforeModesTestExecutionListener@499f33a, org.springframework.test.context.event.ApplicationEventsTestExecutionListener@70dd83f8, org.springframework.boot.test.mock.mockito.MockitoTestExecutionListener@1e97a037, org.springframework.boot.test.autoconfigure.SpringBootDependencyInjectionTestExecutionListener@30c6f027, org.springframework.test.context.support.DirtiesContextTestExecutionListener@7b0dc526, org.springframework.test.context.transaction.TransactionalTestExecutionListener@67534bfc, org.springframework.test.context.jdbc.SqlScriptsTestExecutionListener@44e6d939, org.springframework.test.context.event.EventPublishingTestExecutionListener@43264e4a, org.springframework.security.test.context.support.WithSecurityContextTestExecutionListener@561797fd, org.springframework.security.test.context.support.ReactorContextTestExecutionListener@2b663a68, org.springframework.boot.test.mock.mockito.ResetMocksTestExecutionListener@59bb012c, org.springframework.boot.test.autoconfigure.restdocs.RestDocsTestExecutionListener@289e504f, org.springframework.boot.test.autoconfigure.web.client.MockRestServiceServerResetTestExecutionListener@42dc92de, org.springframework.boot.test.autoconfigure.web.servlet.MockMvcPrintOnlyOnFailureTestExecutionListener@58735597, org.springframework.boot.test.autoconfigure.web.servlet.WebDriverTestExecutionListener@59c08dd4, org.springframework.boot.test.autoconfigure.webservices.client.MockWebServiceServerTestExecutionListener@386b28b]
[INFO] Tests run: 1, Failures: 0, Errors: 0, Skipped: 0, Time elapsed: 0.002 s - in com.javaproject.DatabaseServiceProjectApplicationTests
[INFO] Running com.javaproject.TestController
2024-12-15 08:31:36.165  INFO 9549 --- [           main] .b.t.c.SpringBootTestContextBootstrapper : Neither @ContextConfiguration nor @ContextHierarchy found for test class [com.javaproject.TestController], using SpringBootContextLoader
2024-12-15 08:31:36.167  INFO 9549 --- [           main] o.s.t.c.support.AbstractContextLoader    : Could not detect default resource locations for test class [com.javaproject.TestController]: no resource found for suffixes {-context.xml, Context.groovy}.
2024-12-15 08:31:36.167  INFO 9549 --- [           main] t.c.s.AnnotationConfigContextLoaderUtils : Could not detect default configuration classes for test class [com.javaproject.TestController]: TestController does not declare any static, non-private, non-final, nested classes annotated with @Configuration.
2024-12-15 08:31:36.181  INFO 9549 --- [           main] .b.t.c.SpringBootTestContextBootstrapper : Found @SpringBootConfiguration com.javaproject.DatabaseServiceProjectApplication for test class com.javaproject.TestController
2024-12-15 08:31:36.184  INFO 9549 --- [           main] .b.t.c.SpringBootTestContextBootstrapper : Loaded default TestExecutionListener class names from location [META-INF/spring.factories]: [org.springframework.boot.test.mock.mockito.MockitoTestExecutionListener, org.springframework.boot.test.mock.mockito.ResetMocksTestExecutionListener, org.springframework.boot.test.autoconfigure.restdocs.RestDocsTestExecutionListener, org.springframework.boot.test.autoconfigure.web.client.MockRestServiceServerResetTestExecutionListener, org.springframework.boot.test.autoconfigure.web.servlet.MockMvcPrintOnlyOnFailureTestExecutionListener, org.springframework.boot.test.autoconfigure.web.servlet.WebDriverTestExecutionListener, org.springframework.boot.test.autoconfigure.webservices.client.MockWebServiceServerTestExecutionListener, org.springframework.test.context.web.ServletTestExecutionListener, org.springframework.test.context.support.DirtiesContextBeforeModesTestExecutionListener, org.springframework.test.context.event.ApplicationEventsTestExecutionListener, org.springframework.test.context.support.DependencyInjectionTestExecutionListener, org.springframework.test.context.support.DirtiesContextTestExecutionListener, org.springframework.test.context.transaction.TransactionalTestExecutionListener, org.springframework.test.context.jdbc.SqlScriptsTestExecutionListener, org.springframework.test.context.event.EventPublishingTestExecutionListener, org.springframework.security.test.context.support.WithSecurityContextTestExecutionListener, org.springframework.security.test.context.support.ReactorContextTestExecutionListener]
2024-12-15 08:31:36.185  INFO 9549 --- [           main] .b.t.c.SpringBootTestContextBootstrapper : Using TestExecutionListeners: [org.springframework.test.context.web.ServletTestExecutionListener@3a843387, org.springframework.test.context.support.DirtiesContextBeforeModesTestExecutionListener@ca0ccb6, org.springframework.test.context.event.ApplicationEventsTestExecutionListener@7de9d7c7, org.springframework.boot.test.mock.mockito.MockitoTestExecutionListener@27a067d6, org.springframework.boot.test.autoconfigure.SpringBootDependencyInjectionTestExecutionListener@3ca370ae, org.springframework.test.context.support.DirtiesContextTestExecutionListener@366ccef0, org.springframework.test.context.transaction.TransactionalTestExecutionListener@5887015, org.springframework.test.context.jdbc.SqlScriptsTestExecutionListener@213229a5, org.springframework.test.context.event.EventPublishingTestExecutionListener@6331b2d, org.springframework.security.test.context.support.WithSecurityContextTestExecutionListener@56785e55, org.springframework.security.test.context.support.ReactorContextTestExecutionListener@10b69457, org.springframework.boot.test.mock.mockito.ResetMocksTestExecutionListener@20f9e8e5, org.springframework.boot.test.autoconfigure.restdocs.RestDocsTestExecutionListener@3e0d75a4, org.springframework.boot.test.autoconfigure.web.client.MockRestServiceServerResetTestExecutionListener@2a930ec6, org.springframework.boot.test.autoconfigure.web.servlet.MockMvcPrintOnlyOnFailureTestExecutionListener@e2333ef, org.springframework.boot.test.autoconfigure.web.servlet.WebDriverTestExecutionListener@61725c0e, org.springframework.boot.test.autoconfigure.webservices.client.MockWebServiceServerTestExecutionListener@3487a5d1]
return value is: 5

MockHttpServletRequest:
      HTTP Method = POST
      Request URI = /boardgameAdded
       Parameters = {name=[onecard], level=[1], minPlayers=[2], maxPlayers=[+], gameType=[Party Game]}
          Headers = []
             Body = null
    Session Attrs = {}

Handler:
             Type = com.javaproject.controllers.HomeController
           Method = com.javaproject.controllers.HomeController#boardgameAdded(BoardGame)

Async:
    Async started = false
     Async result = null

Resolved Exception:
             Type = null

ModelAndView:
        View name = redirect:/
             View = null
            Model = null

FlashMap:
       Attributes = null

MockHttpServletResponse:
           Status = 302
    Error message = null
          Headers = [Content-Language:"en", X-Content-Type-Options:"nosniff", X-XSS-Protection:"1; mode=block", Cache-Control:"no-cache, no-store, max-age=0, must-revalidate", Pragma:"no-cache", Expires:"0", Location:"/"]
     Content type = null
             Body = 
    Forwarded URL = null
   Redirected URL = /
          Cookies = []
return value is: 1
return value is: 1
[INFO] Tests run: 4, Failures: 0, Errors: 0, Skipped: 0, Time elapsed: 1.427 s - in com.javaproject.TestController
2024-12-15 08:31:37.752  INFO 9549 --- [ionShutdownHook] j.LocalContainerEntityManagerFactoryBean : Closing JPA EntityManagerFactory for persistence unit 'default'
2024-12-15 08:31:37.753  INFO 9549 --- [ionShutdownHook] .SchemaDropperImpl$DelayedDropActionImpl : HHH000477: Starting delayed evictData of schema as part of SessionFactory shut-down'
2024-12-15 08:31:37.756  INFO 9549 --- [ionShutdownHook] com.zaxxer.hikari.HikariDataSource       : HikariPool-1 - Shutdown initiated...
2024-12-15 08:31:37.761  INFO 9549 --- [ionShutdownHook] com.zaxxer.hikari.HikariDataSource       : HikariPool-1 - Shutdown completed.
[INFO] 
[INFO] Results:
[INFO] 
[INFO] Tests run: 6, Failures: 0, Errors: 0, Skipped: 0
[INFO] 
[INFO] 
[INFO] --- jar:3.2.0:jar (default-jar) @ database_service_project ---
[INFO] Building jar: /var/lib/jenkins/workspace/test-bin_develop/target/database_service_project-0.0.2.jar
[INFO] 
[INFO] --- spring-boot:2.5.6:repackage (repackage) @ database_service_project ---
[INFO] Replacing main artifact with repackaged archive
[INFO] 
[INFO] --- jacoco:0.8.7:report (jacoco-site) @ database_service_project ---
[INFO] Loading execution data file /var/lib/jenkins/workspace/test-bin_develop/target/jacoco.exec
[INFO] Analyzed bundle 'database_service_project' with 9 classes
[INFO] ------------------------------------------------------------------------
[INFO] BUILD SUCCESS
[INFO] ------------------------------------------------------------------------
[INFO] Total time:  18.643 s
[INFO] Finished at: 2024-12-15T08:31:39Z
[INFO] ------------------------------------------------------------------------
[8mha:////4ExYr/CVn/iitqvjGpSigXh0Q5yXKv06OWWt0dxYIF5UAAAAox+LCAAAAAAAAP9tjTESwiAURH/iWNhaeghSZSwcK1uGxhNggghh/idAJJUn8mreQTQzVm6xs2+b93zBOgY4UtDMKhwMxs4w7yZdFssUhqujzCxdWEcYySkmVBbUq9OCgpKCJVUNKw4bhZ2jaFAn2HIr77JxEnVzTqF8Bw616Ud4QMWLOcmQvjAH2N2mPhL+PH8FMHufoG73n2rfmYKm674AAAA=[0m[Pipeline] }
[8mha:////4DMc6i7lUn9nmHPH1aECu63WUSL97DI0Wmbdk3mIQMARAAAApR+LCAAAAAAAAP9tjTEOwjAQBC9BFLSUPOLSgISEqNJabniBiY1xYt0Z2yGpeBFf4w8EIlGxxWpnm3m+YJkiHDlabA11jlLjMPjeTgsHjt3F84Atn7FhSuwNSjNI1qaeUXI2MKcoYSFgZajxnBzZDGvRqruqvCJbnXKcvoOA0ukbPKAQkzmrmL8wRthce52Yfp6/AhhDyFDu9p/avgHaAPdtvgAAAA==[0m[Pipeline] // withEnv
[8mha:////4BWEIMOpoqLHATSvBicApoxJn5XtmGYXjC7fsNoJ7+CVAAAApR+LCAAAAAAAAP9tjTEOwjAQBC9BFLSUPOLSQBEhqrRWGl5gYmOcWHfGdkgqXsTX+AMWkajYYrWzzbzesI4BThwM9poGS7Gz6N1o8sKJw3B1PGHPF+yYIjuNrZ5aVrpZsOWkYUlRwkrARlPnOFoyCbailw9ZOUmmOqeQv6OA0qo7PKEQ2ZxkSF+YA+xuo4pMP89fAczeJygPda59/QGDngHBvgAAAA==[0m[Pipeline] }
[8mha:////4DFO/1+QcvSm0CgqhiN6Z7FlBui1YyAylZZiHr2pQ1iBAAAAph+LCAAAAAAAAP9tjTEOwjAQBC9BFLSUPOJCgRASSkVrueEFJjHGiXUXbAen4kV8jT9gEYmKLVY728zrDcvgoWZvsNPUWwqNxcGNJi9M7Pur44QdX7BhCuw0Sp0kt/o0o+SoYU5RwkLASlPjOFgyEdaiUw9VOUWmOkefv6OA0rZ3eEIhsjkqH78wedjcxjYw/Tx/BTANQ4Ryv821O3wAQOXhoL4AAAA=[0m[Pipeline] // stage
[8mha:////4MSkTdeZC1Dr+SVf1dFtu2ntr/Y6JuXuZ/S6oLPFCgPjAAAApR+LCAAAAAAAAP9tjTEOwjAQBC9BFLSUPOKiUNAgqrRWGl5gYmOcWHfGdkgqXsTX+AMWkajYYrWzzbzesI4BThwM9poGS7Gz6N1o8sKJw3B1PGHPF+yYIjuNrZ5aVrpZsOWkYUlRwkrARlPnOFoyCbailw9ZOUmmOqeQv6OA0qo7PKEQ2ZxkSF+YA+xuo4pMP89fAczeJygPda59/QHHKTtEvgAAAA==[0m[Pipeline] }
[8mha:////4Lf3VtpzNEEi7fptvINMlMffX2MaTO3dTUAPGHL///JPAAAApR+LCAAAAAAAAP9tjTEOwjAQBC9BFLSUPMJBKWgQVVorDS8w8WGcWHfGdkgqXsTX+AMWkajYYrWzzbzesI4BThyM6JEGS7GzwrvR5CUmDsPV8SR6voiOKbJD0eLUssZmwZYTwpKihJWEDVLnOFoyCbayVw9VOUWmOqeQv6OE0uo7PKGQ2ZxUSF+YA+xuo45MP89fAczeJygPda56/wH/a6i1vgAAAA==[0m[Pipeline] // withEnv
[8mha:////4FC8JxTk2g3Oqx4MF4NXFAVFR5oD7ja9cq2X1wgltJ/NAAAApR+LCAAAAAAAAP9tjTEOwjAQBC9BFLSUPOKiCIkGUaW10vACExvjxLoztkNS8SK+xh+wiETFFqudbeb1hnUMcOJgsNc0WIqdRe9GkxdOHIar4wl7vmDHFNlpbPXUstLNgi0nDUuKElYCNpo6x9GSSbAVvXzIykky1TmF/B0FlFbd4QmFyOYkQ/rCHGB3G1Vk+nn+CmD2PkF52Oeq6w8P294ivgAAAA==[0m[Pipeline] }
[8mha:////4Dbm/4+1T5nVnvLH3f4w24UC0KqQ/EmJkoBf2gqT2UWrAAAApR+LCAAAAAAAAP9tjTEOwjAQBC9BFLSUPOICEqJBqWgtN7zAJMY4se6C7eBUvIiv8QcsIlGxxWpnm3m9YRk81OwNdpp6S6GxOLjR5IWJfX91nLDjCzZMgZ1GqZPkVp9mlBw1zClKWAhYaWocB0smwlp06qEqp8hU5+jzdxRQ2vYOTyhENkfl4xcmD5vb2Aamn+evAKZhiFAe9rl22w8h29xIvgAAAA==[0m[Pipeline] // withEnv
[8mha:////4HuY7Z2R+BNOdgRTRKHcSC1Qh2UBH4Zt+i0cgUNv3HStAAAAox+LCAAAAAAAAP9tjTESgjAQRT84FraWHiI0auNY2WZoPEGEGAOZXUwWofJEXs07yMiMlb/67zXv9cYyRRw5OtVYaj2lyqsu9G56auDYXgMPquGLqpgSB6tKO5Rc29OMJYvFvCzHQmNlqQqcPDnBWjfmYYpgyBVniZM7aOS+vuOJTE9lMVG+MEZsbn2dmH6dvwGMXSfI9ztBtv0ATZSgB70AAAA=[0m[Pipeline] }
[8mha:////4FRT0TD+fRk4jL+NbTFMnxYz8NixVpfTwvl62YWhwTiWAAAAox+LCAAAAAAAAP9tjbEOgjAURS8YB1dHP6IMJizGybVh8Qsq1Fpo3sP2IUx+kb/mP0gkcfJO95zlvN5Yp4gjR6daS52nVHvVh8HNT40cu2vgUbV8UTVT4mBVZceKG3tasGKxWJblWGlsLNWBkycn2OrWPEwRDLniLHF2B43cN3c8kem5LCbKF6aI3W1oEtOv8zeAqe8FeVkKsv0HPntk3r0AAAA=[0m[Pipeline] // node
[8mha:////4DkLtRyGp3j1v7yKyURbFRvMuS3E40EzoGJQKugRitxoAAAApB+LCAAAAAAAAP9tjTEOwjAQBDdBFLSUPMKRKKBAVLRWGl5gEmOcWHfBvpBUvIiv8QciIlGx1c4083pjmSKOHJ1qLLWeUuVVF3o3PTVwbK+BB9XwRVVMiYNVpR1Kru1pxpLFYl6WY6GxslQFTp6cYK0b8zBFMOSKs8TJHTRyX9/xRKanspgoXxgjNre+Tky/zt8Axq4T5Lu9INt+ABhiA5S9AAAA[0m[Pipeline] End of Pipeline
Finished: SUCCESS
